[1;31mNote that this is a development version.
This version is intended for development/beta testing and NOT for production.
This version has not been fully tested (if at all) and might have limited user support (if at all)[0m
Running MG5 in debug mode
************************************************************
*                                                          *
*                     W E L C O M E to                     *
*              M A D G R A P H 5 _ a M C @ N L O           *
*                                                          *
*                                                          *
*                 *                       *                *
*                   *        * *        *                  *
*                     * * * * 5 * * * *                    *
*                   *        * *        *                  *
*                 *                       *                *
*                                                          *
*         VERSION 3.6.3                 2025-06-12         *
[1;31m*                                                          *[1;0m
[1;31m*          WARNING: UNKNOWN DEVELOPMENT VERSION.           *[1;0m
[1;31m*            WARNING: DO NOT USE FOR PRODUCTION            *[1;0m
[1;31m*                                                          *[1;0m
*                                                          *
*    The MadGraph5_aMC@NLO Development Team - Find us at   *
*              http://madgraph.phys.ucl.ac.be/             *
*                            and                           *
*            http://amcatnlo.web.cern.ch/amcatnlo/         *
*                                                          *
*               Type 'help' for in-line help.              *
*           Type 'tutorial' to learn how MG5 works         *
*    Type 'tutorial aMCatNLO' to learn how aMC@NLO works   *
*    Type 'tutorial MadLoop' to learn how MadLoop works    *
*                                                          *
************************************************************
load MG5 configuration from ../test_sbi/mg5amcnlo/input/mg5_configuration.txt 
set fastjet to /home/hep/us322/test_sbi/mg5amcnlo/HEPTools/fastjet/bin/fastjet-config
eMELA-config does not seem to correspond to a valid eMELA-config executable.
 Please set the 'fastjet'variable to the full (absolute) /PATH/TO/eMELA-config (including eMELA-config).
 MG5_aMC> set eMELA /PATH/TO/eMELA-config

set ninja to /home/hep/us322/test_sbi/mg5amcnlo/HEPTools/lib
set collier to /home/hep/us322/test_sbi/mg5amcnlo/HEPTools/lib
lhapdf-config does not seem to correspond to a valid lhapdf-config executable. 
Please set the 'lhapdf' variable to the (absolute) /PATH/TO/lhapdf-config (including lhapdf-config).
Note that you can still compile and run aMC@NLO with the built-in PDFs
 MG5_aMC> set lhapdf /PATH/TO/lhapdf-config

set lhapdf to /home/hep/us322/test_sbi/mg5amcnlo/HEPTools/lhapdf6_py3/bin/lhapdf-config
Using default text editor "vi". Set another one in ./input/mg5_configuration.txt
Using default eps viewer "evince". Set another one in ./input/mg5_configuration.txt
Using default web browser "firefox". Set another one in ./input/mg5_configuration.txt
import /vols/cms/us322/nsbi_for_dihiggs/mg_processes/signal_sm/madminer/cards/mg_commands_0.dat
The import format was not given, so we guess it as command
launch /vols/cms/us322/nsbi_for_dihiggs/mg_processes/signal_sm
INFO: ************************************************************
*                                                          *
*           W E L C O M E  to  M A D G R A P H 5           *
*                       a M C @ N L O                      *
*                                                          *
*                 *                       *                *
*                   *        * *        *                  *
*                     * * * * 5 * * * *                    *
*                   *        * *        *                  *
*                 *                       *                *
*                                                          *
*         VERSION 3.6.3                 2025-06-12         *
*                                                          *
*    The MadGraph5_aMC@NLO Development Team - Find us at   *
*                 http://amcatnlo.cern.ch                  *
*                                                          *
*               Type 'help' for in-line help.              *
*                                                          *
************************************************************ 
INFO: load configuration from /vols/cms/us322/nsbi_for_dihiggs/mg_processes/signal_sm/Cards/amcatnlo_configuration.txt  
INFO: load configuration from /vols/cms/us322/test_sbi/mg5amcnlo/input/mg5_configuration.txt  
INFO: load configuration from /vols/cms/us322/nsbi_for_dihiggs/mg_processes/signal_sm/Cards/amcatnlo_configuration.txt  
Using default text editor "vi". Set another one in ./input/mg5_configuration.txt
launch auto 
[1;34mFound unexpected entry in run_card: "use_syst" with value "False ".
  The type was assigned to bool. 
  The definition of that variable will be automatically added to fortran file 
  The value of that variable will be passed to the fortran code via fortran file [0m
stty: 'standard input': Inappropriate ioctl for device
The following switches determine which programs are run:
/=============================================================================\
1. Type of perturbative computation         [1m      order[0m = [32mNLO[0m         
2. No MC@[N]LO matching / event generation  [1mfixed_order[0m = [32mOFF[0m         
3. Shower the generated events              [1m     shower[0m = [32mPYTHIA8[0m     
4. Decay onshell particles                  [1m    madspin[0m = [32mON[0m          
5. Add weights to events for new hypp.      [1m   reweight[0m = [32mON[0m          
6. Run MadAnalysis5 on the events generated [1mmadanalysis[0m = [01mNot Avail[0m   
\=============================================================================/
Either type the switch number (1 to 6) to change its setting,
Set any switch explicitly (e.g. type 'order=LO' at the prompt)
Type 'help' for the list of all valid option
Type '0', 'auto', 'done' or just press enter when you are done.
The following switches determine which programs are run:
/=============================================================================\
1. Type of perturbative computation         [1m      order[0m = [32mNLO[0m         
2. No MC@[N]LO matching / event generation  [1mfixed_order[0m = [32mOFF[0m         
3. Shower the generated events              [1m     shower[0m = [32mPYTHIA8[0m     
4. Decay onshell particles                  [1m    madspin[0m = [32mON[0m          
5. Add weights to events for new hypp.      [1m   reweight[0m = [32mON[0m          
6. Run MadAnalysis5 on the events generated [1mmadanalysis[0m = [01mNot Avail[0m   
\=============================================================================/
Either type the switch number (1 to 6) to change its setting,
Set any switch explicitly (e.g. type 'order=LO' at the prompt)
Type 'help' for the list of all valid option
Type '0', 'auto', 'done' or just press enter when you are done.
[1;34mfound line : detector=OFF[0m
[1;34mThis answer is not valid for current question. Keep it for next question and use here default: EOF[0m
INFO: will run in mode: aMC@NLO 
[1mINFO: modify parameter parton_shower of the run_card.dat to PYTHIA8 [0m
Do you want to edit a card (press enter to bypass editing)?
/------------------------------------------------------------\
|  [31m1[0m. param    : [32mparam_card.dat[0m                              |
|  [31m2[0m. run      : [32mrun_card.dat[0m                                |
|  [31m3[0m. madspin  : [32mmadspin_card.dat[0m                            |
|  [31m4[0m. reweight : [32mreweight_card.dat[0m                           |
|  [31m5[0m. shower   : [32mshower_card.dat[0m                             |
\------------------------------------------------------------/
 you can also
   - enter the path to a valid card or banner.
   - use the 'set' command to modify a parameter directly.
     The set option works only for param_card and run_card.
     Type 'help set' for more information on this command.
   - call an external program (ASperGE/MadWidth/...).
     Type 'help' for the list of available command
 [[4m0[0m, done, 1, param, 2, run, 3, madspin, 4, enter path, ... ]
[1;34mfound line : detector=OFF[0m
[1;34mThis answer is not valid for current question. Keep it for next question and use here default: 0[0m
INFO: modify parameter extralibs of the shower_card.dat to pythia8 z dl stdc++ 
INFO: modify parameter extrapaths of the shower_card.dat to ../lib /home/hep/us322/test_sbi/mg5amcnlo/HEPTools/pythia8/lib l,-rpath,/home/hep/us322/test_sbi/mg5amcnlo/HEPTools/pythia8/lib /home/hep/us322/test_sbi/mg5amcnlo/HEPTools/zlib/lib l,-rpath,/home/hep/us322/test_sbi/mg5amcnlo/HEPTools/zlib/lib 
INFO: Update the dependent parameter of the param_card.dat 
[1;34mWARNING: update the strong coupling value (alpha_s) to the value from the pdf selected: 0.119 [0m
unexpected indent (<unknown>, line 1)
unexpected indent (<unknown>, line 1)
[1;32mTrying to add argument use_syst in RunCardNLO. This argument is not defined by default. Please consider adding it.[0m
INFO: Starting run 
mkdir: cannot create directory ‘/.mozilla’: Permission deniedINFO: Compiling the code 

INFO: Using built-in libraries for PDFs 
[1;32mrun_card missed argument muf1_ref_fixed. Takes default: 91.118[0m
[1;32mrun_card missed argument muf2_ref_fixed. Takes default: 91.118[0m
[1;32mrun_card missed argument mue_ref_fixed. Takes default: 91.118[0m
[1;32mrun_card missed argument fixed_qes_scale. Takes default: False[0m
[1;32mrun_card missed argument qes_ref_fixed. Takes default: 91.118[0m
[1;32mrun_card missed argument muf1_over_ref. Takes default: 1.0[0m
[1;32mrun_card missed argument muf2_over_ref. Takes default: 1.0[0m
[1;32mrun_card missed argument qes_over_ref. Takes default: 1.0[0m
[1;32mrun_card missed argument rw_rscale_down. Takes default: -1.0[0m
[1;32mrun_card missed argument rw_rscale_up. Takes default: -1.0[0m
[1;32mrun_card missed argument rw_fscale_down. Takes default: -1.0[0m
[1;32mrun_card missed argument rw_fscale_up. Takes default: -1.0[0m
[1;32mrun_card missed argument pdf_set_min. Takes default: 244601[0m
[1;32mrun_card missed argument pdf_set_max. Takes default: 244700[0m
[1;32mrun_card missed argument flavour_bias. Takes default: [5, 1][0m
[1;32mrun_card missed argument maxjetflavor. Takes default: 4[0m
[1mINFO: For gauge cancellation, the width of 'H' has been set to zero. [0m
INFO: Compiling source... 
Error: no DISPLAY environment variable specified
INFO:           ...done, continuing with P* directories 
INFO: Compiling directories... 
INFO: Compiling on 12 cores 
INFO:  Compiling P0_gg_hh... 
STOP 1
INFO:     P0_gg_hh done. 
INFO: Checking test output: 
INFO: P0_gg_hh 
INFO:  Result for test_ME: 
INFO:    Passed. 
[1;32mDEBUG: 
Sum of all orders:      Soft test  1 PASSED. Fraction of failures: 0.00
Split-order  2:  NP:  4; QCD:  2; QED:  4;      Soft test  1 PASSED. Fraction of failures: 0.00
Split-order  3:  NP:  4; QCD:  2; QED:  3;      Soft test  1 PASSED. Fraction of failures: 0.00
Split-order  4:  NP:  2; QCD:  2; QED:  4;      Soft test  1 PASSED. Fraction of failures: 0.00
Sum of all orders: Collinear test  1 PASSED. Fraction of failures: 0.00
Split-order  2:  NP:  4; QCD:  2; QED:  4; Collinear test  1 PASSED. Fraction of failures: 0.00
Split-order  3:  NP:  4; QCD:  2; QED:  3; Collinear test  1 PASSED. Fraction of failures: 0.00
Split-order  4:  NP:  2; QCD:  2; QED:  4; Collinear test  1 PASSED. Fraction of failures: 0.00
Sum of all orders:      Soft test  2 PASSED. Fraction of failures: 0.00
Split-order  2:  NP:  4; QCD:  2; QED:  4;      Soft test  2 PASSED. Fraction of failures: 0.00
Split-order  3:  NP:  4; QCD:  2; QED:  3;      Soft test  2 PASSED. Fraction of failures: 0.00
Split-order  4:  NP:  2; QCD:  2; QED:  4;      Soft test  2 PASSED. Fraction of failures: 0.00
Sum of all orders: Collinear test  2 PASSED. Fraction of failures: 0.00
Split-order  2:  NP:  4; QCD:  2; QED:  4; Collinear test  2 PASSED. Fraction of failures: 0.00
Split-order  3:  NP:  4; QCD:  2; QED:  3; Collinear test  2 PASSED. Fraction of failures: 0.00
Split-order  4:  NP:  2; QCD:  2; QED:  4; Collinear test  2 PASSED. Fraction of failures: 0.00
Sum of all orders:      Soft test  3 PASSED. Fraction of failures: 0.00
Split-order  2:  NP:  4; QCD:  2; QED:  4;      Soft test  3 PASSED. Fraction of failures: 0.00
Split-order  3:  NP:  4; QCD:  2; QED:  3;      Soft test  3 PASSED. Fraction of failures: 0.00
Split-order  4:  NP:  2; QCD:  2; QED:  4;      Soft test  3 PASSED. Fraction of failures: 0.00
Sum of all orders: Collinear test  3 PASSED. Fraction of failures: 0.00
Split-order  2:  NP:  4; QCD:  2; QED:  4; Collinear test  3 PASSED. Fraction of failures: 0.00
Split-order  3:  NP:  4; QCD:  2; QED:  3; Collinear test  3 PASSED. Fraction of failures: 0.00
Split-order  4:  NP:  2; QCD:  2; QED:  4; Collinear test  3 PASSED. Fraction of failures: 0.00
Sum of all orders:      Soft test  4 PASSED. Fraction of failures: 0.00
Split-order  2:  NP:  4; QCD:  2; QED:  4;      Soft test  4 PASSED. Fraction of failures: 0.00
Split-order  3:  NP:  4; QCD:  2; QED:  3;      Soft test  4 PASSED. Fraction of failures: 0.00
Split-order  4:  NP:  2; QCD:  2; QED:  4;      Soft test  4 PASSED. Fraction of failures: 0.00
Sum of all orders: Collinear test  4 PASSED. Fraction of failures: 0.00
Split-order  2:  NP:  4; QCD:  2; QED:  4; Collinear test  4 PASSED. Fraction of failures: 0.00
Split-order  3:  NP:  4; QCD:  2; QED:  3; Collinear test  4 PASSED. Fraction of failures: 0.00
Split-order  4:  NP:  2; QCD:  2; QED:  4; Collinear test  4 PASSED. Fraction of failures: 0.00
Sum of all orders:      Soft test  5 PASSED. Fraction of failures: 0.00
Split-order  2:  NP:  4; QCD:  2; QED:  4;      Soft test  5 PASSED. Fraction of failures: 0.00
Split-order  3:  NP:  4; QCD:  2; QED:  3;      Soft test  5 PASSED. Fraction of failures: 0.00
Split-order  4:  NP:  2; QCD:  2; QED:  4;      Soft test  5 PASSED. Fraction of failures: 0.00
Sum of all orders: Collinear test  5 PASSED. Fraction of failures: 0.00
Split-order  2:  NP:  4; QCD:  2; QED:  4; Collinear test  5 PASSED. Fraction of failures: 0.00
Split-order  3:  NP:  4; QCD:  2; QED:  3; Collinear test  5 PASSED. Fraction of failures: 0.00
Split-order  4:  NP:  2; QCD:  2; QED:  4; Collinear test  5 PASSED. Fraction of failures: 0.00
Sum of all orders:      Soft test  6 PASSED. Fraction of failures: 0.00
Split-order  2:  NP:  4; QCD:  2; QED:  4;      Soft test  6 PASSED. Fraction of failures: 0.00
Split-order  3:  NP:  4; QCD:  2; QED:  3;      Soft test  6 PASSED. Fraction of failures: 0.00
Split-order  4:  NP:  2; QCD:  2; QED:  4;      Soft test  6 PASSED. Fraction of failures: 0.00
Sum of all orders: Collinear test  6 PASSED. Fraction of failures: 0.00
Split-order  2:  NP:  4; QCD:  2; QED:  4; Collinear test  6 PASSED. Fraction of failures: 0.00
Split-order  3:  NP:  4; QCD:  2; QED:  3; Collinear test  6 PASSED. Fraction of failures: 0.00
Split-order  4:  NP:  2; QCD:  2; QED:  4; Collinear test  6 PASSED. Fraction of failures: 0.00 [0m
INFO:  Result for test_MC: 
INFO:    Passed. 
[1;32mDEBUG: 
Sum of all orders:      Soft test  1 PASSED. Fraction of failures: 0.00
Split-order  2:  NP:  4; QCD:  2; QED:  4;      Soft test  1 PASSED. Fraction of failures: 0.00
Split-order  3:  NP:  4; QCD:  2; QED:  3;      Soft test  1 PASSED. Fraction of failures: 0.00
Split-order  4:  NP:  2; QCD:  2; QED:  4;      Soft test  1 PASSED. Fraction of failures: 0.00
Sum of all orders: Collinear test  1 PASSED. Fraction of failures: 0.00
Split-order  2:  NP:  4; QCD:  2; QED:  4; Collinear test  1 PASSED. Fraction of failures: 0.00
Split-order  3:  NP:  4; QCD:  2; QED:  3; Collinear test  1 PASSED. Fraction of failures: 0.00
Split-order  4:  NP:  2; QCD:  2; QED:  4; Collinear test  1 PASSED. Fraction of failures: 0.00
Sum of all orders:      Soft test  2 PASSED. Fraction of failures: 0.00
Split-order  2:  NP:  4; QCD:  2; QED:  4;      Soft test  2 PASSED. Fraction of failures: 0.00
Split-order  3:  NP:  4; QCD:  2; QED:  3;      Soft test  2 PASSED. Fraction of failures: 0.00
Split-order  4:  NP:  2; QCD:  2; QED:  4;      Soft test  2 PASSED. Fraction of failures: 0.00
Sum of all orders: Collinear test  2 PASSED. Fraction of failures: 0.00
Split-order  2:  NP:  4; QCD:  2; QED:  4; Collinear test  2 PASSED. Fraction of failures: 0.00
Split-order  3:  NP:  4; QCD:  2; QED:  3; Collinear test  2 PASSED. Fraction of failures: 0.00
Split-order  4:  NP:  2; QCD:  2; QED:  4; Collinear test  2 PASSED. Fraction of failures: 0.00
Sum of all orders:      Soft test  3 PASSED. Fraction of failures: 0.00
Split-order  2:  NP:  4; QCD:  2; QED:  4;      Soft test  3 PASSED. Fraction of failures: 0.00
Split-order  3:  NP:  4; QCD:  2; QED:  3;      Soft test  3 PASSED. Fraction of failures: 0.00
Split-order  4:  NP:  2; QCD:  2; QED:  4;      Soft test  3 PASSED. Fraction of failures: 0.00
Sum of all orders: Collinear test  3 PASSED. Fraction of failures: 0.00
Split-order  2:  NP:  4; QCD:  2; QED:  4; Collinear test  3 PASSED. Fraction of failures: 0.00
Split-order  3:  NP:  4; QCD:  2; QED:  3; Collinear test  3 PASSED. Fraction of failures: 0.00
Split-order  4:  NP:  2; QCD:  2; QED:  4; Collinear test  3 PASSED. Fraction of failures: 0.00
Sum of all orders:      Soft test  4 PASSED. Fraction of failures: 0.00
Split-order  2:  NP:  4; QCD:  2; QED:  4;      Soft test  4 PASSED. Fraction of failures: 0.00
Split-order  3:  NP:  4; QCD:  2; QED:  3;      Soft test  4 PASSED. Fraction of failures: 0.00
Split-order  4:  NP:  2; QCD:  2; QED:  4;      Soft test  4 PASSED. Fraction of failures: 0.00
Sum of all orders: Collinear test  4 PASSED. Fraction of failures: 0.00
Split-order  2:  NP:  4; QCD:  2; QED:  4; Collinear test  4 PASSED. Fraction of failures: 0.00
Split-order  3:  NP:  4; QCD:  2; QED:  3; Collinear test  4 PASSED. Fraction of failures: 0.00
Split-order  4:  NP:  2; QCD:  2; QED:  4; Collinear test  4 PASSED. Fraction of failures: 0.00
Sum of all orders:      Soft test  5 PASSED. Fraction of failures: 0.00
Split-order  2:  NP:  4; QCD:  2; QED:  4;      Soft test  5 PASSED. Fraction of failures: 0.00
Split-order  3:  NP:  4; QCD:  2; QED:  3;      Soft test  5 PASSED. Fraction of failures: 0.00
Split-order  4:  NP:  2; QCD:  2; QED:  4;      Soft test  5 PASSED. Fraction of failures: 0.00
Sum of all orders: Collinear test  5 PASSED. Fraction of failures: 0.00
Split-order  2:  NP:  4; QCD:  2; QED:  4; Collinear test  5 PASSED. Fraction of failures: 0.00
Split-order  3:  NP:  4; QCD:  2; QED:  3; Collinear test  5 PASSED. Fraction of failures: 0.00
Split-order  4:  NP:  2; QCD:  2; QED:  4; Collinear test  5 PASSED. Fraction of failures: 0.00
Sum of all orders:      Soft test  6 PASSED. Fraction of failures: 0.00
Split-order  2:  NP:  4; QCD:  2; QED:  4;      Soft test  6 PASSED. Fraction of failures: 0.00
Split-order  3:  NP:  4; QCD:  2; QED:  3;      Soft test  6 PASSED. Fraction of failures: 0.00
Split-order  4:  NP:  2; QCD:  2; QED:  4;      Soft test  6 PASSED. Fraction of failures: 0.00
Sum of all orders: Collinear test  6 PASSED. Fraction of failures: 0.00
Split-order  2:  NP:  4; QCD:  2; QED:  4; Collinear test  6 PASSED. Fraction of failures: 0.00
Split-order  3:  NP:  4; QCD:  2; QED:  3; Collinear test  6 PASSED. Fraction of failures: 0.00
Split-order  4:  NP:  2; QCD:  2; QED:  4; Collinear test  6 PASSED. Fraction of failures: 0.00 [0m
INFO:  Result for check_poles: 
[1;34mWARNING: 0 points have been tried [0m
INFO: Starting run 
INFO: Using 12 cores 
INFO: Cleaning previous results 
INFO: Doing NLO matched to parton shower 
INFO: Setting up grids 
INFO:  Idle: 0,  Running: 0,  Completed: 1 [ current time: 12h35 ] 
[1;31mError when reading /vols/cms/us322/nsbi_for_dihiggs/mg_processes/signal_sm/SubProcesses/P0_gg_hh/GF2.0/results.dat[0m
sum of cpu time of last step: 0 second
Traceback (most recent call last):
  File "/vols/cms/us322/test_sbi/mg5amcnlo/madgraph/interface/extended_cmd.py", line 1548, in onecmd
    return self.onecmd_orig(line, **opt)
  File "/vols/cms/us322/test_sbi/mg5amcnlo/madgraph/interface/extended_cmd.py", line 1497, in onecmd_orig
    return func(arg, **opt)
  File "/vols/cms/us322/test_sbi/mg5amcnlo/madgraph/interface/amcatnlo_run_interface.py", line 1785, in do_launch
    self.run_generate_events(mode, options, argss, switch)
  File "/vols/cms/us322/test_sbi/mg5amcnlo/madgraph/interface/common_run_interface.py", line 7897, in new_fct
    scan_over_run_card(original_fct, obj, *args, **opts)
  File "/vols/cms/us322/test_sbi/mg5amcnlo/madgraph/interface/common_run_interface.py", line 7829, in scan_over_run_card
    return original_fct(obj, *args, **opts)
  File "/vols/cms/us322/test_sbi/mg5amcnlo/madgraph/interface/amcatnlo_run_interface.py", line 1837, in run_generate_events
    evt_file = self.run(mode, options)
  File "/vols/cms/us322/test_sbi/mg5amcnlo/madgraph/interface/amcatnlo_run_interface.py", line 2021, in run
    jobs_to_run,jobs_to_collect=self.collect_the_results(options,req_acc,jobs_to_run, \
  File "/vols/cms/us322/test_sbi/mg5amcnlo/madgraph/interface/amcatnlo_run_interface.py", line 2292, in collect_the_results
    jobs_to_run_new=self.update_jobs_to_run(req_acc,integration_step,jobs_to_run,fixed_order)
  File "/vols/cms/us322/test_sbi/mg5amcnlo/madgraph/interface/amcatnlo_run_interface.py", line 2697, in update_jobs_to_run
    accuracy=min(math.sqrt(totABS/(req_acc2_inv*job['resultABS'])),0.2)
ZeroDivisionError: float division by zero
[1;31mCommand "launch auto " interrupted with error:
ZeroDivisionError : float division by zero
Please report this bug on https://bugs.launchpad.net/mg5amcnlo
More information is found in '/vols/cms/us322/nsbi_for_dihiggs/mg_processes/signal_sm/run_01_tag_1_debug.log'.
Please attach this file to your report.[0m
INFO:  
quit
INFO:  
detector=OFF
[1;34mCommand "detector=OFF" not recognized, please try again[0m
analysis=OFF
[1;34mCommand "analysis=OFF" not recognized, please try again[0m
madspin=ON
[1;34mCommand "madspin=ON" not recognized, please try again[0m
reweight=ON
[1;34mCommand "reweight=ON" not recognized, please try again[0m
done
[1;34mCommand "done" not recognized, please try again[0m
quit
