[1;31mNote that this is a development version.
This version is intended for development/beta testing and NOT for production.
This version has not been fully tested (if at all) and might have limited user support (if at all)[0m
Running MG5 in debug mode
('WARNING: loading of madgraph too slow!!!', 0.5070028305053711)
************************************************************
*                                                          *
*                     W E L C O M E to                     *
*              M A D G R A P H 5 _ a M C @ N L O           *
*                                                          *
*                                                          *
*                 *                       *                *
*                   *        * *        *                  *
*                     * * * * 5 * * * *                    *
*                   *        * *        *                  *
*                 *                       *                *
*                                                          *
*         VERSION 3.5.1                 2023-07-11         *
[1;31m*                                                          *[1;0m
[1;31m*          WARNING: UNKNOWN DEVELOPMENT VERSION.           *[1;0m
[1;31m*            WARNING: DO NOT USE FOR PRODUCTION            *[1;0m
[1;31m*                                                          *[1;0m
*                                                          *
*    The MadGraph5_aMC@NLO Development Team - Find us at   *
*              http://madgraph.phys.ucl.ac.be/             *
*                            and                           *
*            http://amcatnlo.web.cern.ch/amcatnlo/         *
*                                                          *
*               Type 'help' for in-line help.              *
*           Type 'tutorial' to learn how MG5 works         *
*    Type 'tutorial aMCatNLO' to learn how aMC@NLO works   *
*    Type 'tutorial MadLoop' to learn how MadLoop works    *
*                                                          *
************************************************************
load MG5 configuration from ../../mg5amcnlo/input/mg5_configuration.txt 
fastjet-config does not seem to correspond to a valid fastjet-config executable (v3+). We will use fjcore instead.
 Please set the 'fastjet'variable to the full (absolute) /PATH/TO/fastjet-config (including fastjet-config).
 MG5_aMC> set fastjet /PATH/TO/fastjet-config

eMELA-config does not seem to correspond to a valid eMELA-config executable.
 Please set the 'fastjet'variable to the full (absolute) /PATH/TO/eMELA-config (including eMELA-config).
 MG5_aMC> set eMELA /PATH/TO/eMELA-config

set ninja to /home/hep/us322/mg5amcnlo/HEPTools/lib
set collier to /home/hep/us322/mg5amcnlo/HEPTools/lib
lhapdf-config does not seem to correspond to a valid lhapdf-config executable. 
Please set the 'lhapdf' variable to the (absolute) /PATH/TO/lhapdf-config (including lhapdf-config).
Note that you can still compile and run aMC@NLO with the built-in PDFs
 MG5_aMC> set lhapdf /PATH/TO/lhapdf-config

set lhapdf to /home/hep/us322/mg5amcnlo/HEPTools/lhapdf6_py3/bin/lhapdf-config
Using default text editor "vi". Set another one in ./input/mg5_configuration.txt
Using default eps viewer "evince". Set another one in ./input/mg5_configuration.txt
Using default web browser "firefox". Set another one in ./input/mg5_configuration.txt
import /home/hep/us322/SBI/nsbi_for_dihiggs/mg_processes/signal_sm/madminer/cards/mg_commands_1.dat
The import format was not given, so we guess it as command
launch /home/hep/us322/SBI/nsbi_for_dihiggs/mg_processes/signal_sm
INFO: ************************************************************
*                                                          *
*           W E L C O M E  to  M A D G R A P H 5           *
*                       a M C @ N L O                      *
*                                                          *
*                 *                       *                *
*                   *        * *        *                  *
*                     * * * * 5 * * * *                    *
*                   *        * *        *                  *
*                 *                       *                *
*                                                          *
*         VERSION 3.5.1                 2023-07-11         *
*                                                          *
*    The MadGraph5_aMC@NLO Development Team - Find us at   *
*                 http://amcatnlo.cern.ch                  *
*                                                          *
*               Type 'help' for in-line help.              *
*                                                          *
************************************************************ 
INFO: load configuration from /home/hep/us322/SBI/nsbi_for_dihiggs/mg_processes/signal_sm/Cards/amcatnlo_configuration.txt  
INFO: load configuration from /home/hep/us322/mg5amcnlo/input/mg5_configuration.txt  
INFO: load configuration from /home/hep/us322/SBI/nsbi_for_dihiggs/mg_processes/signal_sm/Cards/amcatnlo_configuration.txt  
Using default text editor "vi". Set another one in ./input/mg5_configuration.txt
launch auto 
[1;31mCommand "launch auto " interrupted with error:
KeyError : 'parton_shower'
Please report this bug on https://bugs.launchpad.net/mg5amcnlo
More information is found in 'ME5_debug'.
Please attach this file to your report.[0m
INFO:  
quit
INFO:  
shower=Pythia8
[1;34mCommand "shower=Pythia8" not recognized, please try again[0m
detector=OFF
[1;34mCommand "detector=OFF" not recognized, please try again[0m
analysis=OFF
[1;34mCommand "analysis=OFF" not recognized, please try again[0m
madspin=OFF
[1;34mCommand "madspin=OFF" not recognized, please try again[0m
reweight=ON
[1;34mCommand "reweight=ON" not recognized, please try again[0m
done
[1;34mCommand "done" not recognized, please try again[0m
quit
