************************************************************
*                                                          *
*                     W E L C O M E to                     *
*              M A D G R A P H 5 _ a M C @ N L O           *
*                                                          *
*                                                          *
*                 *                       *                *
*                   *        * *        *                  *
*                     * * * * 5 * * * *                    *
*                   *        * *        *                  *
*                 *                       *                *
*                                                          *
*         VERSION 3.5.1                 2023-07-11         *
*                                                          *
*    The MadGraph5_aMC@NLO Development Team - Find us at   *
*              http://madgraph.phys.ucl.ac.be/             *
*                            and                           *
*            http://amcatnlo.web.cern.ch/amcatnlo/         *
*                                                          *
*               Type 'help' for in-line help.              *
*           Type 'tutorial' to learn how MG5 works         *
*    Type 'tutorial aMCatNLO' to learn how aMC@NLO works   *
*    Type 'tutorial MadLoop' to learn how MadLoop works    *
*                                                          *
************************************************************
load MG5 configuration from madgraph-stable/MG5_aMC_v3_5_1/input/mg5_configuration.txt 
./HEPTools/fastjet/bin/fastjet-config does not seem to correspond to a valid fastjet-config executable (v3+). We will use fjcore instead.
 Please set the 'fastjet'variable to the full (absolute) /PATH/TO/fastjet-config (including fastjet-config).
 MG5_aMC> set fastjet /PATH/TO/fastjet-config

eMELA-config does not seem to correspond to a valid eMELA-config executable.
 Please set the 'fastjet'variable to the full (absolute) /PATH/TO/eMELA-config (including eMELA-config).
 MG5_aMC> set eMELA /PATH/TO/eMELA-config

set ninja to /vols/cms/us322/nsbi_for_dihiggs/madgraph-stable/MG5_aMC_v3_5_1/HEPTools/lib
set collier to /vols/cms/us322/nsbi_for_dihiggs/madgraph-stable/MG5_aMC_v3_5_1/HEPTools/lib
set lhapdf to /vols/cms/us322/nsbi_for_dihiggs/madgraph-stable/MG5_aMC_v3_5_1/HEPTools/lhapdf6_py3/bin/lhapdf-config
set lhapdf to /vols/cms/us322/nsbi_for_dihiggs/madgraph-stable/MG5_aMC_v3_5_1/HEPTools/lhapdf6_py3/bin/lhapdf-config
Using default text editor "vi". Set another one in ./input/mg5_configuration.txt
Using default eps viewer "evince". Set another one in ./input/mg5_configuration.txt
Using default web browser "firefox". Set another one in ./input/mg5_configuration.txt
import /vols/cms/us322/event_generation/mg_processes/signal_supp/morphing_basis_vector_9/madminer/cards/mg_commands_0.dat
The import format was not given, so we guess it as command
launch /vols/cms/us322/event_generation/mg_processes/signal_supp/morphing_basis_vector_9
************************************************************
*                                                          *
*                      W E L C O M E to                    *
*             M A D G R A P H 5 _ a M C @ N L O            *
*                      M A D E V E N T                     *
*                                                          *
*                 *                       *                *
*                   *        * *        *                  *
*                     * * * * 5 * * * *                    *
*                   *        * *        *                  *
*                 *                       *                *
*                                                          *
*         VERSION 3.5.1                 2023-07-11         *
*                                                          *
*    The MadGraph5_aMC@NLO Development Team - Find us at   *
*    https://server06.fynu.ucl.ac.be/projects/madgraph     *
*                                                          *
*               Type 'help' for in-line help.              *
*                                                          *
************************************************************
INFO: load configuration from /vols/cms/us322/event_generation/mg_processes/signal_supp/morphing_basis_vector_9/Cards/me5_configuration.txt  
INFO: load configuration from /vols/cms/us322/nsbi_for_dihiggs/madgraph-stable/MG5_aMC_v3_5_1/input/mg5_configuration.txt  
INFO: load configuration from /vols/cms/us322/event_generation/mg_processes/signal_supp/morphing_basis_vector_9/Cards/me5_configuration.txt  
Using default text editor "vi". Set another one in ./input/mg5_configuration.txt
generate_events run_01
stty: 'standard input': Inappropriate ioctl for device
The following switches determine which programs are run:
/===========================================================================\
| 1. Choose the shower/hadronization program   [1m  shower[0m = [32mPythia8[0m           |
| 2. Choose the detector simulation program    [1mdetector[0m = [31mOFF[0m               |
| 3. Choose an analysis package (plot/convert) [1manalysis[0m = [01mNot Avail.[0m        |
| 4. Decay onshell particles                   [1m madspin[0m = [32mON[0m                |
| 5. Add weights to events for new hypp.       [1mreweight[0m = [32mON[0m                |
\===========================================================================/
Either type the switch number (1 to 5) to change its setting,
Set any switch explicitly (e.g. type 'shower=OFF' at the prompt)
Type 'help' for the list of all valid option
Type '0', 'auto', 'done' or just press enter when you are done.
The following switches determine which programs are run:
/===========================================================================\
| 1. Choose the shower/hadronization program   [1m  shower[0m = [32mPythia8[0m           |
| 2. Choose the detector simulation program    [1mdetector[0m = [31mOFF[0m               |
| 3. Choose an analysis package (plot/convert) [1manalysis[0m = [01mNot Avail.[0m        |
| 4. Decay onshell particles                   [1m madspin[0m = [32mON[0m                |
| 5. Add weights to events for new hypp.       [1mreweight[0m = [32mON[0m                |
\===========================================================================/
Either type the switch number (1 to 5) to change its setting,
Set any switch explicitly (e.g. type 'shower=OFF' at the prompt)
Type 'help' for the list of all valid option
Type '0', 'auto', 'done' or just press enter when you are done.
The following switches determine which programs are run:
/===========================================================================\
| 1. Choose the shower/hadronization program   [1m  shower[0m = [32mPythia8[0m           |
| 2. Choose the detector simulation program    [1mdetector[0m = [31mOFF[0m               |
| 3. Choose an analysis package (plot/convert) [1manalysis[0m = [01mNot Avail.[0m        |
| 4. Decay onshell particles                   [1m madspin[0m = [32mON[0m                |
| 5. Add weights to events for new hypp.       [1mreweight[0m = [32mON[0m                |
\===========================================================================/
Either type the switch number (1 to 5) to change its setting,
Set any switch explicitly (e.g. type 'shower=OFF' at the prompt)
Type 'help' for the list of all valid option
Type '0', 'auto', 'done' or just press enter when you are done.
The following switches determine which programs are run:
/===========================================================================\
| 1. Choose the shower/hadronization program   [1m  shower[0m = [32mPythia8[0m           |
| 2. Choose the detector simulation program    [1mdetector[0m = [31mOFF[0m               |
| 3. Choose an analysis package (plot/convert) [1manalysis[0m = [01mNot Avail.[0m        |
| 4. Decay onshell particles                   [1m madspin[0m = [32mON[0m                |
| 5. Add weights to events for new hypp.       [1mreweight[0m = [32mON[0m                |
\===========================================================================/
Either type the switch number (1 to 5) to change its setting,
Set any switch explicitly (e.g. type 'shower=OFF' at the prompt)
Type 'help' for the list of all valid option
Type '0', 'auto', 'done' or just press enter when you are done.
The following switches determine which programs are run:
/===========================================================================\
| 1. Choose the shower/hadronization program   [1m  shower[0m = [32mPythia8[0m           |
| 2. Choose the detector simulation program    [1mdetector[0m = [31mOFF[0m               |
| 3. Choose an analysis package (plot/convert) [1manalysis[0m = [01mNot Avail.[0m        |
| 4. Decay onshell particles                   [1m madspin[0m = [32mON[0m                |
| 5. Add weights to events for new hypp.       [1mreweight[0m = [32mON[0m                |
\===========================================================================/
Either type the switch number (1 to 5) to change its setting,
Set any switch explicitly (e.g. type 'shower=OFF' at the prompt)
Type 'help' for the list of all valid option
Type '0', 'auto', 'done' or just press enter when you are done.
Do you want to edit a card (press enter to bypass editing)?
/------------------------------------------------------------\
|  [31m1[0m. param         : [32mparam_card.dat[0m                         |
|  [31m2[0m. run           : [32mrun_card.dat[0m                           |
|  [31m3[0m. pythia8       : [32mpythia8_card.dat[0m                       |
|  [31m4[0m. madspin       : [32mmadspin_card.dat[0m                       |
|  [31m5[0m. reweight      : [32mreweight_card.dat[0m                      |
|  [31m6[0m. MadLoopParams : [32mMadLoopParams.dat[0m                      |
\------------------------------------------------------------/
 you can also
   - enter the path to a valid card or banner.
   - use the 'set' command to modify a parameter directly.
     The set option works only for param_card and run_card.
     Type 'help set' for more information on this command.
   - call an external program (ASperGE/MadWidth/...).
     Type 'help' for the list of available command
 [[4m0[0m, done, 1, param, 2, run, 3, pythia8, 4, enter path, ... ]
[1mThe answer to the previous question is not set in your input file[0m
[1mUse 0 value[0m
INFO: Update the dependent parameter of the param_card.dat 
[1;34mWARNING: update the strong coupling value (alpha_s) to the value from the pdf selected: 0.119 [0m
[1;34mWARNING: Unknow type of information in the card: dim64f2l,dim64f,dim64f4l [0m
Generating 50000 events with run name run_01
survey  run_01 
INFO: compile directory 
mkdir: cannot create directory ‘/.mozilla’: Permission deniedinitMadLoop -r -f

Error: no DISPLAY environment variable specified
Initializing MadLoop loop-induced matrix elements (this can take some time)...
MadLoop initialization finished.
compile Source Directory
Using random number seed offset = 21
INFO: Running Survey 
Creating Jobs
Working on SubProcesses
INFO:     P0_gg_hh  
INFO:  Idle: 1,  Running: 1,  Completed: 0 [ current time: 20h13 ] 
INFO:  Idle: 0,  Running: 1,  Completed: 1 [  7.2s  ] 
INFO: P0_gg_hh/G1 is at 5.66 +- 0.178 pb. Now submitting iteration #2. 
INFO:  Idle: 0,  Running: 1,  Completed: 4 [  20.1s  ] 
INFO: P0_gg_hh/G1 is at 5.6614 +- 0.00232 pb. Now submitting iteration #3. 
INFO:  Idle: 0,  Running: 1,  Completed: 7 [  47.1s  ] 
INFO: Survey finished for P0_gg_hh/G1 at 5.578 +- 0.0289 pb 
INFO:  Idle: 0,  Running: 0,  Completed: 9 [  47.2s  ] 
INFO: End survey 
refine 50000
Creating Jobs
INFO: Refine results to 50000 
INFO: Generating 50000.0 unweighted events. 
sum of cpu time of last step: 0 second
INFO: Effective Luminosity 10307.435823892156 pb^-1 
INFO: need to improve 1 channels 
- Current estimate of cross-section: 5.5784 +- 0.028856
INFO:  Idle: 0,  Running: 8,  Completed: 0 [ current time: 20h14 ] 
INFO:  Idle: 0,  Running: 7,  Completed: 1 [  18.1s  ] 
INFO: P0_gg_hh/G1 is at 15939/57068 (28%) event. Resubmit 7 job at iteration 1. 
INFO:  Idle: 0,  Running: 6,  Completed: 10 [  36.6s  ] 
INFO: P0_gg_hh/G1 is at 29830/57009 (52%) event. Resubmit 14 job at iteration 2. 
INFO:  Idle: 5,  Running: 8,  Completed: 18 [  55.1s  ] 
INFO:  Idle: 0,  Running: 5,  Completed: 26 [  1m 13s  ] 
INFO: found enough event for P0_gg_hh/G1 
INFO:  Idle: 0,  Running: 0,  Completed: 32 [  1m 13s  ] 
INFO: Combining runs 
sum of cpu time of last step: 0 second
INFO: finish refine 
refine 50000 --treshold=0.9
No need for second refine due to stability of cross-section
INFO: Combining Events 
 
 
 
  === Results Summary for run: run_01 tag: tag_1 ===

     Cumulative sequential time for this run: 10m14s
     Cross-section :   5.524 +- 0.005786 pb
     Nb of events :  50000
 
store_events
INFO: Storing parton level results 
INFO: End Parton 
reweight -from_cards
INFO: Extracting the banner ... 
INFO: process: p p > H H QED=2 QCD=2  
INFO: options: NP=2  
INFO: Running Reweighting 
change output default
change helicity False
launch --rwgt_name=sm
INFO: detected model: SMEFTatNLO-LO. Loading... 
INFO: generating the square matrix element for reweighting 
INFO: generate p p > H H QED=2 QCD=2 NP=2   --no_warning=duplicate;define pert_QCD = -5 -4 -3 -2 -1 1 2 3 4 5 21;add process p p > H H  pert_QCD QED=2 QCD=3 NP=2    --no_warning=duplicate; 
INFO: RETRY with generate p p > H H QED=2 QCD=2 NP=2  [virt=QCD] ; 
INFO: Done 10.58 
Do you want to edit a card (press enter to bypass editing)?
/------------------------------------------------------------\
|  [31m1[0m. param : [32mparam_card.dat[0m                                 |
|  [31m9[0m. plot  : [32mplot_card.dat[0m                                  |
\------------------------------------------------------------/
 you can also
   - enter the path to a valid card or banner.
   - use the 'set' command to modify a parameter directly.
     The set option works only for param_card and run_card.
     Type 'help set' for more information on this command.
   - call an external program (ASperGE/MadWidth/...).
     Type 'help' for the list of available command
 [[4m0[0m, done, 1, param, 9, plot, enter path]
>INFO: starts to compute weight for events with the following modification to the param_card: 
INFO: set param_card dim6 4 0.0 # orig: -2.781547
KEEP:set param_card dim6 5 0.0 # orig: 1.2188
KEEP:set param_card dim62f 19 0.0 # orig: 7.953673
KEEP: 
INFO: Event nb 0 current time: 20h16 
INFO: Event nb 10  0.19s  
INFO: Event nb 20  0.34s  
INFO: Event nb 30  0.45s  
INFO: Event nb 40  0.62s  
INFO: Event nb 50  0.74s  
INFO: Event nb 60  0.86s  
INFO: Event nb 70  1s  
INFO: Event nb 80  1.1s  
INFO: Event nb 90  1.2s  
INFO: Event nb 100  1.4s  
INFO: Event nb 200  2.5s  
INFO: Event nb 300  3.6s  
INFO: Event nb 400  4.6s  
INFO: Event nb 500  5.7s  
INFO: Event nb 600  6.8s  
INFO: Event nb 700  7.9s  
INFO: Event nb 800  9.1s  
INFO: Event nb 900  10.1s  
INFO: Event nb 1000  11.2s  
INFO: Event nb 2000  22s  
INFO: Event nb 3000  32.5s  
INFO: Event nb 4000  42.8s  
INFO: Event nb 5000  53s  
INFO: Event nb 6000  1m 3s  
INFO: Event nb 7000  1m 13s  
INFO: Event nb 8000  1m 23s  
INFO: Event nb 9000  1m 33s  
INFO: Event nb 10000  1m 44s  
INFO: reducing number of print status. Next status update in 10000 events 
INFO: Event nb 20000  3m 27s  
INFO: Event nb 30000  5m 11s  
INFO: Event nb 40000  6m 54s  
INFO: All event done  (nb_event: 50000)  8m 39s  
INFO: Event /vols/cms/us322/event_generation/mg_processes/signal_supp/morphing_basis_vector_9/Events/run_01/unweighted_events.lhe have now the additional weight 
INFO: new cross-section is : 0.637128 pb (indicative error: 0.0221441 pb) 
launch --rwgt_name=morphing_basis_vector_1
Do you want to edit a card (press enter to bypass editing)?
/------------------------------------------------------------\
|  [31m1[0m. param : [32mparam_card.dat[0m                                 |
|  [31m9[0m. plot  : [32mplot_card.dat[0m                                  |
\------------------------------------------------------------/
 you can also
   - enter the path to a valid card or banner.
   - use the 'set' command to modify a parameter directly.
     The set option works only for param_card and run_card.
     Type 'help set' for more information on this command.
   - call an external program (ASperGE/MadWidth/...).
     Type 'help' for the list of available command
 [[4m0[0m, done, 1, param, 9, plot, enter path]
>INFO: starts to compute weight for events with the following modification to the param_card: 
INFO: set param_card dim6 4 5.637495 # orig: -2.781547
KEEP:set param_card dim6 5 -13.97506 # orig: 1.2188
KEEP:set param_card dim62f 19 5.981675 # orig: 7.953673
KEEP: 
INFO: Event nb 0 current time: 20h25 
INFO: Event nb 10  0.18s  
INFO: Event nb 20  0.34s  
INFO: Event nb 30  0.47s  
INFO: Event nb 40  0.63s  
INFO: Event nb 50  0.75s  
INFO: Event nb 60  0.96s  
INFO: Event nb 70  1.1s  
INFO: Event nb 80  1.3s  
INFO: Event nb 90  1.4s  
INFO: Event nb 100  1.5s  
INFO: Event nb 200  2.6s  
INFO: Event nb 300  3.8s  
INFO: Event nb 400  4.9s  
INFO: Event nb 500  6.1s  
INFO: Event nb 600  7.2s  
INFO: Event nb 700  8.3s  
INFO: Event nb 800  9.4s  
INFO: Event nb 900  10.5s  
INFO: Event nb 1000  11.6s  
INFO: Event nb 2000  22.7s  
INFO: Event nb 3000  33.7s  
INFO: Event nb 4000  44.7s  
INFO: Event nb 5000  55.7s  
INFO: Event nb 6000  1m 6s  
INFO: Event nb 7000  1m 17s  
INFO: Event nb 8000  1m 29s  
INFO: Event nb 9000  1m 39s  
INFO: Event nb 10000  1m 50s  
INFO: reducing number of print status. Next status update in 10000 events 
INFO: Event nb 20000  3m 43s  
INFO: Event nb 30000  5m 34s  
INFO: Event nb 40000  7m 25s  
INFO: All event done  (nb_event: 50000)  9m 16s  
INFO: Event /vols/cms/us322/event_generation/mg_processes/signal_supp/morphing_basis_vector_9/Events/run_01/unweighted_events.lhe have now the additional weight 
INFO: new cross-section is : 3.80732 pb (indicative error: 0.545528 pb) 
launch --rwgt_name=morphing_basis_vector_2
Do you want to edit a card (press enter to bypass editing)?
/------------------------------------------------------------\
|  [31m1[0m. param : [32mparam_card.dat[0m                                 |
|  [31m9[0m. plot  : [32mplot_card.dat[0m                                  |
\------------------------------------------------------------/
 you can also
   - enter the path to a valid card or banner.
   - use the 'set' command to modify a parameter directly.
     The set option works only for param_card and run_card.
     Type 'help set' for more information on this command.
   - call an external program (ASperGE/MadWidth/...).
     Type 'help' for the list of available command
 [[4m0[0m, done, 1, param, 9, plot, enter path]
>INFO: starts to compute weight for events with the following modification to the param_card: 
INFO: set param_card dim6 4 -2.615881 # orig: -2.781547
KEEP:set param_card dim6 5 -4.75047 # orig: 1.2188
KEEP:set param_card dim62f 19 -2.658547 # orig: 7.953673
KEEP: 
INFO: Event nb 0 current time: 20h34 
INFO: Event nb 10  0.13s  
INFO: Event nb 20  0.35s  
INFO: Event nb 30  0.47s  
INFO: Event nb 40  0.6s  
INFO: Event nb 50  0.71s  
INFO: Event nb 60  1s  
INFO: Event nb 70  1.2s  
INFO: Event nb 80  1.3s  
INFO: Event nb 90  1.4s  
INFO: Event nb 100  1.6s  
INFO: Event nb 200  2.7s  
INFO: Event nb 300  3.8s  
INFO: Event nb 400  4.9s  
INFO: Event nb 500  6s  
INFO: Event nb 600  7.1s  
INFO: Event nb 700  8.3s  
INFO: Event nb 800  9.5s  
INFO: Event nb 900  10.6s  
INFO: Event nb 1000  11.7s  
INFO: Event nb 2000  23s  
INFO: Event nb 3000  34s  
INFO: Event nb 4000  45.1s  
INFO: Event nb 5000  56.4s  
INFO: Event nb 6000  1m 7s  
INFO: Event nb 7000  1m 18s  
INFO: Event nb 8000  1m 30s  
INFO: Event nb 9000  1m 41s  
INFO: Event nb 10000  1m 52s  
INFO: reducing number of print status. Next status update in 10000 events 
INFO: Event nb 20000  3m 43s  
INFO: Event nb 30000  5m 34s  
INFO: Event nb 40000  7m 27s  
INFO: All event done  (nb_event: 50000)  9m 17s  
INFO: Event /vols/cms/us322/event_generation/mg_processes/signal_supp/morphing_basis_vector_9/Events/run_01/unweighted_events.lhe have now the additional weight 
INFO: new cross-section is : 0.24535 pb (indicative error: 0.02777 pb) 
launch --rwgt_name=morphing_basis_vector_3
Do you want to edit a card (press enter to bypass editing)?
/------------------------------------------------------------\
|  [31m1[0m. param : [32mparam_card.dat[0m                                 |
|  [31m9[0m. plot  : [32mplot_card.dat[0m                                  |
\------------------------------------------------------------/
 you can also
   - enter the path to a valid card or banner.
   - use the 'set' command to modify a parameter directly.
     The set option works only for param_card and run_card.
     Type 'help set' for more information on this command.
   - call an external program (ASperGE/MadWidth/...).
     Type 'help' for the list of available command
 [[4m0[0m, done, 1, param, 9, plot, enter path]
>INFO: starts to compute weight for events with the following modification to the param_card: 
INFO: set param_card dim6 4 -4.288287 # orig: -2.781547
KEEP:set param_card dim6 5 -5.115193 # orig: 1.2188
KEEP:set param_card dim62f 19 7.380267 # orig: 7.953673
KEEP: 
INFO: Event nb 0 current time: 20h43 
INFO: Event nb 10  0.12s  
INFO: Event nb 20  0.25s  
INFO: Event nb 30  0.43s  
INFO: Event nb 40  0.55s  
INFO: Event nb 50  0.7s  
INFO: Event nb 60  0.91s  
INFO: Event nb 70  1s  
INFO: Event nb 80  1.2s  
INFO: Event nb 90  1.3s  
INFO: Event nb 100  1.5s  
INFO: Event nb 200  2.7s  
INFO: Event nb 300  3.8s  
INFO: Event nb 400  4.9s  
INFO: Event nb 500  6.2s  
INFO: Event nb 600  7.3s  
INFO: Event nb 700  8.4s  
INFO: Event nb 800  9.6s  
INFO: Event nb 900  10.8s  
INFO: Event nb 1000  11.9s  
INFO: Event nb 2000  23.3s  
INFO: Event nb 3000  34.9s  
INFO: Event nb 4000  46.2s  
INFO: Event nb 5000  57.5s  
INFO: Event nb 6000  1m 8s  
INFO: Event nb 7000  1m 20s  
INFO: Event nb 8000  1m 31s  
INFO: Event nb 9000  1m 42s  
INFO: Event nb 10000  1m 53s  
INFO: reducing number of print status. Next status update in 10000 events 
INFO: Event nb 20000  3m 44s  
INFO: Event nb 30000  5m 36s  
INFO: Event nb 40000  7m 27s  
INFO: All event done  (nb_event: 50000)  9m 19s  
INFO: Event /vols/cms/us322/event_generation/mg_processes/signal_supp/morphing_basis_vector_9/Events/run_01/unweighted_events.lhe have now the additional weight 
INFO: new cross-section is : 2.83548 pb (indicative error: 0.115077 pb) 
launch --rwgt_name=morphing_basis_vector_4
Do you want to edit a card (press enter to bypass editing)?
/------------------------------------------------------------\
|  [31m1[0m. param : [32mparam_card.dat[0m                                 |
|  [31m9[0m. plot  : [32mplot_card.dat[0m                                  |
\------------------------------------------------------------/
 you can also
   - enter the path to a valid card or banner.
   - use the 'set' command to modify a parameter directly.
     The set option works only for param_card and run_card.
     Type 'help set' for more information on this command.
   - call an external program (ASperGE/MadWidth/...).
     Type 'help' for the list of available command
 [[4m0[0m, done, 1, param, 9, plot, enter path]
>INFO: starts to compute weight for events with the following modification to the param_card: 
INFO: set param_card dim6 4 1.290948 # orig: -2.781547
KEEP:set param_card dim6 5 6.985754 # orig: 1.2188
KEEP:set param_card dim62f 19 4.441109 # orig: 7.953673
KEEP: 
INFO: Event nb 0 current time: 20h53 
INFO: Event nb 10  0.17s  
INFO: Event nb 20  0.29s  
INFO: Event nb 30  0.44s  
INFO: Event nb 40  0.64s  
INFO: Event nb 50  0.83s  
INFO: Event nb 60  1s  
INFO: Event nb 70  1.2s  
INFO: Event nb 80  1.4s  
INFO: Event nb 90  1.6s  
INFO: Event nb 100  1.7s  
INFO: Event nb 200  2.9s  
INFO: Event nb 300  4.1s  
INFO: Event nb 400  5.3s  
INFO: Event nb 500  6.5s  
INFO: Event nb 600  7.7s  
INFO: Event nb 700  8.9s  
INFO: Event nb 800  10s  
INFO: Event nb 900  11.2s  
INFO: Event nb 1000  12.3s  
INFO: Event nb 2000  23.8s  
INFO: Event nb 3000  35s  
INFO: Event nb 4000  46.3s  
INFO: Event nb 5000  57.6s  
INFO: Event nb 6000  1m 8s  
INFO: Event nb 7000  1m 19s  
INFO: Event nb 8000  1m 30s  
INFO: Event nb 9000  1m 41s  
INFO: Event nb 10000  1m 53s  
INFO: reducing number of print status. Next status update in 10000 events 
INFO: Event nb 20000  3m 44s  
INFO: Event nb 30000  5m 36s  
INFO: Event nb 40000  7m 27s  
INFO: All event done  (nb_event: 50000)  9m 20s  
INFO: Event /vols/cms/us322/event_generation/mg_processes/signal_supp/morphing_basis_vector_9/Events/run_01/unweighted_events.lhe have now the additional weight 
INFO: new cross-section is : 5.1693 pb (indicative error: 0.214343 pb) 
launch --rwgt_name=morphing_basis_vector_5
Do you want to edit a card (press enter to bypass editing)?
/------------------------------------------------------------\
|  [31m1[0m. param : [32mparam_card.dat[0m                                 |
|  [31m9[0m. plot  : [32mplot_card.dat[0m                                  |
\------------------------------------------------------------/
 you can also
   - enter the path to a valid card or banner.
   - use the 'set' command to modify a parameter directly.
     The set option works only for param_card and run_card.
     Type 'help set' for more information on this command.
   - call an external program (ASperGE/MadWidth/...).
     Type 'help' for the list of available command
 [[4m0[0m, done, 1, param, 9, plot, enter path]
>INFO: starts to compute weight for events with the following modification to the param_card: 
INFO: set param_card dim6 4 4.838078 # orig: -2.781547
KEEP:set param_card dim6 5 -13.30028 # orig: 1.2188
KEEP:set param_card dim62f 19 -3.509746 # orig: 7.953673
KEEP: 
INFO: Event nb 0 current time: 21h02 
INFO: Event nb 10  0.11s  
INFO: Event nb 20  0.22s  
INFO: Event nb 30  0.33s  
INFO: Event nb 40  0.44s  
INFO: Event nb 50  0.55s  
INFO: Event nb 60  0.66s  
INFO: Event nb 70  0.77s  
INFO: Event nb 80  0.88s  
INFO: Event nb 90  0.98s  
INFO: Event nb 100  1.1s  
INFO: Event nb 200  2.2s  
INFO: Event nb 300  3.3s  
INFO: Event nb 400  4.4s  
INFO: Event nb 500  5.5s  
INFO: Event nb 600  6.6s  
INFO: Event nb 700  7.7s  
INFO: Event nb 800  8.7s  
INFO: Event nb 900  9.8s  
INFO: Event nb 1000  10.9s  
INFO: Event nb 2000  21.9s  
INFO: Event nb 3000  32.8s  
INFO: Event nb 4000  43.7s  
INFO: Event nb 5000  54.7s  
INFO: Event nb 6000  1m 5s  
INFO: Event nb 7000  1m 16s  
INFO: Event nb 8000  1m 27s  
INFO: Event nb 9000  1m 38s  
INFO: Event nb 10000  1m 50s  
INFO: reducing number of print status. Next status update in 10000 events 
INFO: Event nb 20000  3m 43s  
INFO: Event nb 30000  5m 33s  
INFO: Event nb 40000  7m 26s  
INFO: All event done  (nb_event: 50000)  9m 17s  
INFO: Event /vols/cms/us322/event_generation/mg_processes/signal_supp/morphing_basis_vector_9/Events/run_01/unweighted_events.lhe have now the additional weight 
INFO: new cross-section is : 7.20644 pb (indicative error: 0.634176 pb) 
launch --rwgt_name=morphing_basis_vector_6
Do you want to edit a card (press enter to bypass editing)?
/------------------------------------------------------------\
|  [31m1[0m. param : [32mparam_card.dat[0m                                 |
|  [31m9[0m. plot  : [32mplot_card.dat[0m                                  |
\------------------------------------------------------------/
 you can also
   - enter the path to a valid card or banner.
   - use the 'set' command to modify a parameter directly.
     The set option works only for param_card and run_card.
     Type 'help set' for more information on this command.
   - call an external program (ASperGE/MadWidth/...).
     Type 'help' for the list of available command
 [[4m0[0m, done, 1, param, 9, plot, enter path]
>INFO: starts to compute weight for events with the following modification to the param_card: 
INFO: set param_card dim6 4 -1.075657 # orig: -2.781547
KEEP:set param_card dim6 5 7.316709 # orig: 1.2188
KEEP:set param_card dim62f 19 -3.555549 # orig: 7.953673
KEEP: 
INFO: Event nb 0 current time: 21h11 
INFO: Event nb 10  0.11s  
INFO: Event nb 20  0.22s  
INFO: Event nb 30  0.33s  
INFO: Event nb 40  0.44s  
INFO: Event nb 50  0.55s  
INFO: Event nb 60  0.66s  
INFO: Event nb 70  0.77s  
INFO: Event nb 80  0.88s  
INFO: Event nb 90  0.99s  
INFO: Event nb 100  1.1s  
INFO: Event nb 200  2.2s  
INFO: Event nb 300  3.4s  
INFO: Event nb 400  4.5s  
INFO: Event nb 500  5.7s  
INFO: Event nb 600  6.8s  
INFO: Event nb 700  7.9s  
INFO: Event nb 800  9s  
INFO: Event nb 900  10.1s  
INFO: Event nb 1000  11.2s  
INFO: Event nb 2000  22.4s  
INFO: Event nb 3000  33.7s  
INFO: Event nb 4000  45s  
INFO: Event nb 5000  56.4s  
INFO: Event nb 6000  1m 7s  
INFO: Event nb 7000  1m 19s  
INFO: Event nb 8000  1m 30s  
INFO: Event nb 9000  1m 41s  
INFO: Event nb 10000  1m 53s  
INFO: reducing number of print status. Next status update in 10000 events 
INFO: Event nb 20000  3m 43s  
INFO: Event nb 30000  5m 36s  
INFO: Event nb 40000  7m 27s  
INFO: All event done  (nb_event: 50000)  9m 20s  
INFO: Event /vols/cms/us322/event_generation/mg_processes/signal_supp/morphing_basis_vector_9/Events/run_01/unweighted_events.lhe have now the additional weight 
INFO: new cross-section is : 2.94714 pb (indicative error: 0.200332 pb) 
launch --rwgt_name=morphing_basis_vector_7
Do you want to edit a card (press enter to bypass editing)?
/------------------------------------------------------------\
|  [31m1[0m. param : [32mparam_card.dat[0m                                 |
|  [31m9[0m. plot  : [32mplot_card.dat[0m                                  |
\------------------------------------------------------------/
 you can also
   - enter the path to a valid card or banner.
   - use the 'set' command to modify a parameter directly.
     The set option works only for param_card and run_card.
     Type 'help set' for more information on this command.
   - call an external program (ASperGE/MadWidth/...).
     Type 'help' for the list of available command
 [[4m0[0m, done, 1, param, 9, plot, enter path]
>INFO: starts to compute weight for events with the following modification to the param_card: 
INFO: set param_card dim6 4 0.938521 # orig: -2.781547
KEEP:set param_card dim6 5 -15.73576 # orig: 1.2188
KEEP:set param_card dim62f 19 7.708463 # orig: 7.953673
KEEP: 
INFO: Event nb 0 current time: 21h21 
INFO: Event nb 10  0.12s  
INFO: Event nb 20  0.41s  
INFO: Event nb 30  0.52s  
INFO: Event nb 40  0.73s  
INFO: Event nb 50  0.86s  
INFO: Event nb 60  0.99s  
INFO: Event nb 70  1.3s  
INFO: Event nb 80  1.5s  
INFO: Event nb 90  1.7s  
INFO: Event nb 100  1.9s  
INFO: Event nb 200  3.1s  
INFO: Event nb 300  4.3s  
INFO: Event nb 400  5.5s  
INFO: Event nb 500  6.7s  
INFO: Event nb 600  7.9s  
INFO: Event nb 700  9.1s  
INFO: Event nb 800  10.2s  
INFO: Event nb 900  11.4s  
INFO: Event nb 1000  12.6s  
INFO: Event nb 2000  24.1s  
INFO: Event nb 3000  35.4s  
INFO: Event nb 4000  46.8s  
INFO: Event nb 5000  58.2s  
INFO: Event nb 6000  1m 9s  
INFO: Event nb 7000  1m 20s  
INFO: Event nb 8000  1m 31s  
INFO: Event nb 9000  1m 43s  
INFO: Event nb 10000  1m 54s  
INFO: reducing number of print status. Next status update in 10000 events 
INFO: Event nb 20000  3m 45s  
INFO: Event nb 30000  5m 37s  
INFO: Event nb 40000  7m 28s  
INFO: All event done  (nb_event: 50000)  9m 22s  
INFO: Event /vols/cms/us322/event_generation/mg_processes/signal_supp/morphing_basis_vector_9/Events/run_01/unweighted_events.lhe have now the additional weight 
INFO: new cross-section is : 3.44884 pb (indicative error: 0.464256 pb) 
launch --rwgt_name=morphing_basis_vector_8
Do you want to edit a card (press enter to bypass editing)?
/------------------------------------------------------------\
|  [31m1[0m. param : [32mparam_card.dat[0m                                 |
|  [31m9[0m. plot  : [32mplot_card.dat[0m                                  |
\------------------------------------------------------------/
 you can also
   - enter the path to a valid card or banner.
   - use the 'set' command to modify a parameter directly.
     The set option works only for param_card and run_card.
     Type 'help set' for more information on this command.
   - call an external program (ASperGE/MadWidth/...).
     Type 'help' for the list of available command
 [[4m0[0m, done, 1, param, 9, plot, enter path]
>INFO: starts to compute weight for events with the following modification to the param_card: 
INFO: set param_card dim6 4 2.807664 # orig: -2.781547
KEEP:set param_card dim6 5 1.679018 # orig: 1.2188
KEEP:set param_card dim62f 19 -4.829446 # orig: 7.953673
KEEP: 
INFO: Event nb 0 current time: 21h30 
INFO: Event nb 10  0.11s  
INFO: Event nb 20  0.22s  
INFO: Event nb 30  0.33s  
INFO: Event nb 40  0.44s  
INFO: Event nb 50  0.55s  
INFO: Event nb 60  0.66s  
INFO: Event nb 70  0.77s  
INFO: Event nb 80  0.88s  
INFO: Event nb 90  0.99s  
INFO: Event nb 100  1.1s  
INFO: Event nb 200  2.2s  
INFO: Event nb 300  3.3s  
INFO: Event nb 400  4.4s  
INFO: Event nb 500  5.5s  
INFO: Event nb 600  6.6s  
INFO: Event nb 700  7.7s  
INFO: Event nb 800  8.8s  
INFO: Event nb 900  9.9s  
INFO: Event nb 1000  11s  
INFO: Event nb 2000  22s  
INFO: Event nb 3000  32.9s  
INFO: Event nb 4000  43.9s  
INFO: Event nb 5000  54.9s  
INFO: Event nb 6000  1m 5s  
INFO: Event nb 7000  1m 16s  
INFO: Event nb 8000  1m 27s  
INFO: Event nb 9000  1m 39s  
INFO: Event nb 10000  1m 50s  
INFO: reducing number of print status. Next status update in 10000 events 
INFO: Event nb 20000  3m 43s  
INFO: Event nb 30000  5m 33s  
INFO: Event nb 40000  7m 27s  
INFO: All event done  (nb_event: 50000)  9m 17s  
INFO: Event /vols/cms/us322/event_generation/mg_processes/signal_supp/morphing_basis_vector_9/Events/run_01/unweighted_events.lhe have now the additional weight 
INFO: new cross-section is : 0.762257 pb (indicative error: 0.0303917 pb) 
INFO: Original cross-section: 5.5242 +- 0.0057863 pb (cross-section from sum of weights: 5.524200000006003) 
INFO: Computed cross-section: 
INFO: morphing_basis_vector_1 : 3.80731570460733 +- 0.5455278481042192 pb 
INFO: morphing_basis_vector_2 : 0.24535007491846875 +- 0.02776999945417799 pb 
INFO: morphing_basis_vector_3 : 2.835484220110054 +- 0.11507699222947552 pb 
INFO: morphing_basis_vector_4 : 5.169303526893811 +- 0.21434269361557612 pb 
INFO: morphing_basis_vector_5 : 7.206437239162148 +- 0.6341757732938552 pb 
INFO: morphing_basis_vector_6 : 2.947139029602115 +- 0.20033191266597064 pb 
INFO: morphing_basis_vector_7 : 3.4488378999799063 +- 0.46425583809124055 pb 
INFO: morphing_basis_vector_8 : 0.7622574101236691 +- 0.030391665685263473 pb 
INFO: sm : 0.6371276827548982 +- 0.02214407015742024 pb 
INFO: quit rwgt 
decay_events -from_cards
INFO: Running MadSpin 
INFO: This functionality allows for the decay of resonances 
INFO: in a .lhe file, keeping track of the spin correlation effets. 
INFO: BE AWARE OF THE CURRENT LIMITATIONS: 
INFO:   (1) Only a succession of 2 body decay are currently allowed 
************************************************************
*                                                          *
*           W E L C O M E  to  M A D S P I N               *
*                                                          *
************************************************************
INFO: Extracting the banner ... 
INFO: process: p p > H H QED=2 QCD=2  
INFO: options: NP=2  
INFO: detected model: SMEFTatNLO-LO. Loading... 
./HEPTools/fastjet/bin/fastjet-config does not seem to correspond to a valid fastjet-config executable (v3+). We will use fjcore instead.
 Please set the 'fastjet'variable to the full (absolute) /PATH/TO/fastjet-config (including fastjet-config).
 MG5_aMC> set fastjet /PATH/TO/fastjet-config

set ninja to /vols/cms/us322/nsbi_for_dihiggs/madgraph-stable/MG5_aMC_v3_5_1/HEPTools/lib
set collier to /vols/cms/us322/nsbi_for_dihiggs/madgraph-stable/MG5_aMC_v3_5_1/HEPTools/lib
set lhapdf to /vols/cms/us322/nsbi_for_dihiggs/madgraph-stable/MG5_aMC_v3_5_1/HEPTools/lhapdf6_py3/bin/lhapdf-config
set lhapdf to /vols/cms/us322/nsbi_for_dihiggs/madgraph-stable/MG5_aMC_v3_5_1/HEPTools/lhapdf6_py3/bin/lhapdf-config
Set group_subprocesses to Auto
Note that you need to regenerate all processes
import model heft --bypass_check
[1;34mWARNING: No param_card defined for the new model. We will use the default one but this might completely wrong. [0m
INFO: detected model: heft. Loading... 
INFO: Restrict model heft with file madgraph-stable/MG5_aMC_v3_5_1/models/heft/restrict_default.dat . 
INFO: Run "set stdout_level DEBUG" before import for more information. 
[1;34mPass the definition of 'j' and 'p' to 4 flavour scheme.[0m
Kept definitions of multiparticles l+ / l- / vl / vl~ unchanged
Removed obsolete multiparticles all
Defined multiparticle all = g u c d s u~ c~ d~ s~ a ve vm vt e- m- ve~ vm~ vt~ e+ m+ t b t~ b~ z w+ h h1 w- tt- tt+
set spinmode None          # Use one of the madspin special mode
set max_weight_ps_point 400  # number of PS to estimate the maximum for each event
decay h > b b~
decay h > a a
launch
INFO: Will use seed 341523891 
INFO: generate 50000 decay event for particle h 
INFO: Will use seed 729875578 
stty: 'standard input': Inappropriate ioctl for device
  0%|          | 0/691 [00:00<?, ?it/s]100%|██████████| 691/691 [00:00<00:00, 96329.45it/s]stty: 'standard input': Inappropriate ioctl for device

  0%|          | 0/691 [00:00<?, ?it/s]100%|██████████| 691/691 [00:00<00:00, 106214.10it/s]decaying event number 100 [0.06754279136657715 s]
decaying event number 200 [0.13399553298950195 s]
decaying event number 300 [0.20135951042175293 s]
decaying event number 400 [0.26810741424560547 s]
decaying event number 500 [0.3350098133087158 s]
decaying event number 600 [0.40192246437072754 s]
decaying event number 700 [0.46851253509521484 s]
decaying event number 800 [0.5350170135498047 s]
decaying event number 900 [0.6014132499694824 s]
decaying event number 1000 [0.6704347133636475 s]
decaying event number 2000 [1.3600707054138184 s]
decaying event number 3000 [2.0320489406585693 s]
decaying event number 4000 [2.7080156803131104 s]
decaying event number 5000 [3.3880505561828613 s]
decaying event number 6000 [4.057846784591675 s]
decaying event number 7000 [4.741026163101196 s]
decaying event number 8000 [5.428132057189941 s]
decaying event number 9000 [6.103281021118164 s]
decaying event number 10000 [6.772327423095703 s]
decaying event number 20000 [13.588377714157104 s]
decaying event number 30000 [20.418454885482788 s]
decaying event number 40000 [27.21072483062744 s]
INFO: The decayed event file has been moved to the following location:  
INFO: /vols/cms/us322/event_generation/mg_processes/signal_supp/morphing_basis_vector_9/Events/run_01_decayed_1/unweighted_events.lhe.gz 
INFO: MadSpin Done 
INFO: [92mRunning Pythia8 [arXiv:1410.3012][0m 
Splitting .lhe event file for PY8 parallelization...
Submitting Pythia8 jobs...
Pythia8 shower jobs: 1 Idle, 7 Running, 0 Done [24 seconds]
Pythia8 shower jobs: 0 Idle, 7 Running, 1 Done [2m22s]
Pythia8 shower jobs: 0 Idle, 6 Running, 2 Done [2m25s]
Pythia8 shower jobs: 0 Idle, 5 Running, 3 Done [2m25s]
Pythia8 shower jobs: 0 Idle, 4 Running, 4 Done [2m26s]
Pythia8 shower jobs: 0 Idle, 3 Running, 5 Done [2m27s]
Pythia8 shower jobs: 0 Idle, 2 Running, 6 Done [2m29s]
Pythia8 shower jobs: 0 Idle, 1 Running, 7 Done [2m29s]
Pythia8 shower jobs: 0 Idle, 0 Running, 8 Done [2m30s]
Merging results from the split PY8 runs...
INFO: Pythia8 shower finished after 4m25s. 
INFO: No delphes_card detected, so not run Delphes 
  === Results Summary for run: run_01_decayed_1 tag: tag_1 ===

     Cross-section :   0.01133 +- 1.187e-05 pb
     Nb of events :  50000
 
INFO: storing files of previous run 
INFO: Storing Pythia8 files of previous run 
INFO: Done 
quit
INFO:  
more information in /vols/cms/us322/event_generation/mg_processes/signal_supp/morphing_basis_vector_9/index.html
quit

 mdl_vev0 =    246.22056907348588     
 mdl_vev0__exp__2 =    60624.568634871226     
 mdl_dlam =   0.34042683774331417     
 mdl_ee0 =   0.31345063981313520     
 mdl_cw =   0.87538656571726847     
 mdl_muH =    73.343464806681553     
 mdl_sw =   0.48342358295983689     
 mdl_g1 =   0.35807111062562641     
 mdl_gw =   0.64839749416853931     
 mdl_lam =    8.4997146308211466E-002
 mdl_vev =    246.22056907348588     
 mdl_ee =   0.31345063981313520     
 mdl_ee__exp__2 =    9.8251303599263817E-002
 mdl_aEW =    7.8185903165226816E-003
 aEWM1 =    127.90029398096792     
 mdl_ee0__exp__2 =    9.8251303599263817E-002
 mdl_ee0__exp__3 =    3.0796933975663836E-002
 mdl_vev0__exp__3 =    14927015.789112596     
  Internal Params evaluated point by point
  ----------------------------------------
  
 mdl_sqrt__aS =   0.34496376621320685     
 mdl_G__exp__2 =    1.4953981031087418     
 mdl_G__exp__3 =    1.8286695702272273     
 mdl_G__exp__4 =    2.2362154867812229     
 mdl_MU_R__exp__2 =    8315.2513440000002     
  Couplings of SMEFTatNLO-LO
  ---------------------------------
  
        GC_11 =   0.00000E+00   0.12229E+01
 R2GC_1297_467 =  0.00000E+00  -0.16842E-01
 R2GC_1298_468 =  0.00000E+00  -0.10618E+01
 R2GC_618_1801 = -0.00000E+00  -0.92422E-02
 R2GC_631_1814 = -0.00000E+00  -0.22756E+01
      GC_1822 =   0.00000E+00  -0.25225E-02
      GC_1842 =   0.00000E+00  -0.32593E+00
       GC_322 =  -0.00000E+00  -0.19038E+03
       GC_420 =   0.00000E+00   0.15038E+03
       GC_422 =   0.00000E+00   0.27652E-02
       GC_431 =   0.00000E+00  -0.32405E+02
       GC_546 =  -0.00000E+00  -0.69856E+00
98     
 mdl_WT =    1.4708000000000001     
 mdl_WH =    4.0879999999999996E-003
  Internal Params
  ---------------------------------
  
 mdl_c3pl1 =    0.0000000000000000     
 mdl_dv =    0.0000000000000000     
 mdl_cpWB =    0.0000000000000000     
 mdl_dT =    0.0000000000000000     
 mdl_dWB =    0.0000000000000000     
 mdl_cpG =    0.0000000000000000     
 mdl_c3pl2 =    0.0000000000000000     
 mdl_cpDC =    0.0000000000000000     
 mdl_ctG =    0.0000000000000000     
 mdl_cll1221 =    0.0000000000000000     
 mdl_cw0 =   0.87538656571726847     
 mdl_sqrt__2 =    1.4142135623730951     
 mdl_muH0 =    88.388347648318430     
 mdl_MW__exp__2 =    6371.9348353599999     
 mdl_MZ__exp__2 =    8315.1783937600012     
 mdl_sw0 =   0.48342358295983689     
 mdl_nb__2__exp__0_25 =    1.1892071150027210     
 mdl_Lambda__exp__2 =    1000000.0000000000     
 mdl_cw0__exp__2 =   0.76630163943827356     
 mdl_sw0__exp__2 =   0.23369836056172630     
 mdl_MH__exp__2 =    15625.000000000000     
 mdl_complexi =                (0.0000000000000000,1.0000000000000000)
 mdl_sw0__exp__3 =   0.11297529879458956     
 mdl_cw0__exp__3 =   0.67081016045138286     
 mdl_MT__exp__2 =    29584.000000000000     
 mdl_MT__exp__3 =    5088448.0000000000     
 mdl_mueft__exp__2 =    8313.7924000000021     
 mdl_vev0 =    246.22056907348588     
 mdl_vev0__exp__2 =    60624.568634871226     
 mdl_dlam =  -0.33726017402524033     
 mdl_ee0 =   0.31345063981313520     
 mdl_cw =   0.87538656571726847     
 mdl_muH =    103.29328240315608     
 mdl_sw =   0.48342358295983689     
 mdl_g1 =   0.35807111062562641     
 mdl_gw =   0.64839749416853931     
 mdl_lam =   0.17232856818321149     
 mdl_vev =    246.22056907348588     
 mdl_ee =   0.31345063981313520     
 mdl_ee__exp__2 =    9.8251303599263817E-002
 mdl_aEW =    7.8185903165226816E-003
 aEWM1 =    127.90029398096792     
 mdl_ee0__exp__2 =    9.8251303599263817E-002
 mdl_ee0__exp__3 =    3.0796933975663836E-002
 mdl_vev0__exp__3 =    14927015.789112596     
  Internal Params evaluated point by point
  ----------------------------------------
  
 mdl_sqrt__aS =   0.34496376621320685     
 mdl_G__exp__2 =    1.4953981031087418     
 mdl_G__exp__3 =    1.8286695702272273     
 mdl_G__exp__4 =    2.2362154867812229     
 mdl_MU_R__exp__2 =    8315.2513440000002     
  Couplings of SMEFTatNLO-LO
  ---------------------------------
  
        GC_11 =   0.00000E+00   0.12229E+01
 R2GC_1297_467 =  0.00000E+00   0.25672E-01
 R2GC_1298_468 =  0.00000E+00   0.14944E+01
 R2GC_618_1801 = -0.00000E+00  -0.92422E-02
 R2GC_631_1814 = -0.00000E+00  -0.22756E+01
      GC_1822 =   0.00000E+00   0.41543E-02
      GC_1842 =   0.00000E+00   0.45876E+00
       GC_322 =  -0.00000E+00  -0.19038E+03
       GC_420 =   0.00000E+00   0.10916E+03
       GC_422 =   0.00000E+00  -0.27395E-02
       GC_431 =   0.00000E+00   0.32103E+02
       GC_546 =  -0.00000E+00  -0.69856E+00
