 Process in group number            1
 A PDF is used, so alpha_s(MZ) is going to be modified
 Old value of alpha_s from param_card:   0.11839999999999999     
  ****************************************
 
       NNPDFDriver version 1.0.3
   Grid: NNPDF23nlo_as_0119_qed_mem0.grid
  ****************************************
 New value of alpha_s from PDF nn23nlo:  0.11899999999999999     
 Define smin to   21625.000000000000     
 Define smin to   21625.000000000000     
 *****************************************************
 *               MadGraph/MadEvent                   *
 *        --------------------------------           *
 *          http://madgraph.hep.uiuc.edu             *
 *          http://madgraph.phys.ucl.ac.be           *
 *          http://madgraph.roma2.infn.it            *
 *        --------------------------------           *
 *                                                   *
 *          PARAMETER AND COUPLING VALUES            *
 *                                                   *
 *****************************************************

  External Params
  ---------------------------------
  
 aEWM1 =    132.50700000000001     
 mdl_Gf =    1.1663700000000000E-005
 aS =   0.11839999999999999     
 mdl_ymb =    4.7000000000000002     
 mdl_ymt =    172.00000000000000     
 mdl_ymtau =    1.7769999999999999     
 mdl_MZ =    91.187600000000003     
 mdl_MT =    172.00000000000000     
 mdl_MB =    0.0000000000000000     
 mdl_MH =    125.00000000000000     
 mdl_MTA =    0.0000000000000000     
 mdl_WZ =    2.4160230000000000     
 mdl_WW =    2.0029499999999998     
 mdl_WT =    1.4708000000000001     
 mdl_WH =    4.0879999999999996E-003
  Internal Params
  ---------------------------------
  
 mdl_conjg__CKM3x3 =    1.0000000000000000     
 mdl_conjg__CKM1x1 =    1.0000000000000000     
 mdl_CKM3x3 =    1.0000000000000000     
 mdl_complexi =                (0.0000000000000000,1.0000000000000000)
 mdl_MZ__exp__2 =    8315.1783937600012     
 mdl_MZ__exp__4 =    69142191.720053151     
 mdl_sqrt__2 =    1.4142135623730951     
 mdl_MH__exp__2 =    15625.000000000000     
 mdl_aEW =    7.5467711139788835E-003
 mdl_MW =    80.418232696860471     
 mdl_sqrt__aEW =    8.6872153846781555E-002
 mdl_ee =   0.30795376724436879     
 mdl_MW__exp__2 =    6467.0921500863988     
 mdl_sw2 =   0.22225455139488892     
 mdl_cw =   0.88189877457966293     
 mdl_sqrt__sw2 =   0.47143880980980862     
 mdl_sw =   0.47143880980980862     
 mdl_g1 =   0.34919400743146284     
 mdl_gw =   0.65322107734109924     
 mdl_vev =    246.22056907348579     
 mdl_vev__exp__2 =    60624.568634871190     
 mdl_lam =   0.12886689630821155     
 mdl_yb =    2.6995322804122736E-002
 mdl_yt =   0.98791394091683182     
 mdl_ytau =    1.0206529494239594E-002
 mdl_muH =    88.388347648318444     
 mdl_I1x33 =          (2.69953228041227358E-002,0.0000000000000000)
 mdl_I2x33 =               (0.98791394091683182,0.0000000000000000)
 mdl_I3x33 =               (0.98791394091683182,0.0000000000000000)
 mdl_I4x33 =          (2.69953228041227358E-002,0.0000000000000000)
 mdl_ee__exp__2 =    9.4835522759998875E-002
 mdl_sw__exp__2 =   0.22225455139488889     
 mdl_cw__exp__2 =   0.77774544860511108     
  Internal Params evaluated point by point
  ----------------------------------------
  
 mdl_sqrt__aS =   0.34409301068170506     
 mdl_G__exp__2 =    1.4878582807401259     
  Couplings of sm
  ---------------------------------
  
        GC_10 =  -0.12198E+01   0.00000E+00
        GC_11 =   0.00000E+00   0.12198E+01
         GC_1 =  -0.00000E+00  -0.10265E+00
         GC_2 =   0.00000E+00   0.20530E+00

 Collider parameters:
 --------------------

 Running at P P   machine @    100000.00000000000       GeV
 PDF set = nn23nlo
 alpha_s(Mz)= 0.1190 running at 2 loops.
 alpha_s(Mz)= 0.1190 running at 2 loops.
 Renormalization scale set on event-by-event basis
 Factorization   scale set on event-by-event basis


 getting user params
Enter number of events and max and min iterations: 
 Number of events and iterations         4000           5           3
Enter desired fractional accuracy: 
 Desired fractional accuracy:   0.10000000000000001     
Enter 0 for fixed, 2 for adjustable grid: 
Suppress amplitude (0 no, 1 yes)? 
 Using suppressed amplitude.
Exact helicity sum (0 yes, n = number/event)? 
 Monte-Carlo over helicities
 
 ********************************************
 * You are using the DiscreteSampler module *
 *      part of the MG5_aMC framework       *
 *         Author: Valentin Hirschi         *
 ********************************************
 
Enter Configuration Number: 
Running Configuration Number:    7
 Not subdividing B.W.
 Attempting mappinvarients           1           6
 Determine nb_t
 T-channel found:            2
 Completed mapping           6
 about to integrate           10        4000           7           3          10           1
 Using non-zero grid deformation.
 10 dimensions   4000 events 10 invarients  7 iterations  1 config(s),  (0.99)
 Using h-tuple random number sequence.
 Error opening grid
 Using Uniform Grid!          24
 Using uniform alpha   1.0000000000000000     
 Grid defined OK
 Masses: 0.000E+00 0.000E+00 0.000E+00 0.000E+00 0.000E+00 0.000E+00
 Set CM energy to     100000.00
 Mapping Graph           7  to config           7
 Determine nb_t
 T-channel found:            2
Setting grid   1    0.72250E-06   1
Setting grid   2    0.78400E-07   1
Setting grid   3    0.78400E-07   1
 Transforming s_hat 1/s            9   2.1625000000000005E-006   21625.000000000000        9999999999.9999981     
Using random seed offsets     7 :      2
  with seed                   30
 Ranmar initialization seeds        8298        9406
  Particle       3       4       5       6
      Et >    25.0    25.0    28.0    28.0
       E >     0.0     0.0     0.0     0.0
     Eta <     2.8     2.8     2.7     2.7
   xqcut:      0.0     0.0     0.0     0.0
d R # 3  >    -0.0     0.3     0.9     0.9
d R # 4  >    -0.0    -0.0     0.9     0.9
d R # 5  >    -0.0    -0.0    -0.0     0.3
s min # 3>     0.0  7225.0     0.0     0.0
s min # 4>     0.0     0.0     0.0     0.0
s min # 5>     0.0     0.0     0.0 14400.0
xqcutij # 3>     0.0     0.0     0.0     0.0
xqcutij # 4>     0.0     0.0     0.0     0.0
xqcutij # 5>     0.0     0.0     0.0     0.0
 alpha_s for scale    129.84908820133515       is   0.11293437642333291     
 RESET CUMULATIVE VARIABLE
 DiscreteSampler:: WARNING, the bin '1' of dimension 'Helicity' will be used for reference even though it has been probed only 0 times (minimum requested is 40 times).
 DiscreteSampler:: WARNING, the bin '2' of dimension 'Helicity' will be used for reference even though it has been probed only 3 times (minimum requested is 40 times).
 DiscreteSampler:: WARNING, the bin '3' of dimension 'Helicity' will be used for reference even though it has been probed only 2 times (minimum requested is 40 times).
 DiscreteSampler:: WARNING, the bin '4' of dimension 'Helicity' will be used for reference even though it has been probed only 2 times (minimum requested is 40 times).
 DiscreteSampler:: WARNING, the bin '5' of dimension 'Helicity' will be used for reference even though it has been probed only 0 times (minimum requested is 40 times).
 DiscreteSampler:: WARNING, the bin '6' of dimension 'Helicity' will be used for reference even though it has been probed only 1 times (minimum requested is 40 times).
 DiscreteSampler:: WARNING, the bin '7' of dimension 'Helicity' will be used for reference even though it has been probed only 0 times (minimum requested is 40 times).
 DiscreteSampler:: WARNING, the bin '8' of dimension 'Helicity' will be used for reference even though it has been probed only 3 times (minimum requested is 40 times).
 DiscreteSampler:: WARNING, the bin '9' of dimension 'Helicity' will be used for reference even though it has been probed only 1 times (minimum requested is 40 times).
 DiscreteSampler:: WARNING, the bin '10' of dimension 'Helicity' will be used for reference even though it has been probed only 0 times (minimum requested is 40 times).
 DiscreteSampler:: WARNING, the bin '11' of dimension 'Helicity' will be used for reference even though it has been probed only 0 times (minimum requested is 40 times).
 DiscreteSampler:: WARNING, the bin '12' of dimension 'Helicity' will be used for reference even though it has been probed only 3 times (minimum requested is 40 times).
 DiscreteSampler:: WARNING, the bin '13' of dimension 'Helicity' will be used for reference even though it has been probed only 3 times (minimum requested is 40 times).
 DiscreteSampler:: WARNING, the bin '14' of dimension 'Helicity' will be used for reference even though it has been probed only 0 times (minimum requested is 40 times).
 DiscreteSampler:: WARNING, the bin '15' of dimension 'Helicity' will be used for reference even though it has been probed only 1 times (minimum requested is 40 times).
 DiscreteSampler:: WARNING, the bin '16' of dimension 'Helicity' will be used for reference even though it has been probed only 4 times (minimum requested is 40 times).
 DiscreteSampler:: WARNING, the bin '17' of dimension 'Helicity' will be used for reference even though it has been probed only 0 times (minimum requested is 40 times).
 DiscreteSampler:: WARNING, the bin '18' of dimension 'Helicity' will be used for reference even though it has been probed only 2 times (minimum requested is 40 times).
 DiscreteSampler:: WARNING, the bin '19' of dimension 'Helicity' will be used for reference even though it has been probed only 0 times (minimum requested is 40 times).
 DiscreteSampler:: WARNING, the bin '20' of dimension 'Helicity' will be used for reference even though it has been probed only 2 times (minimum requested is 40 times).
 DiscreteSampler:: WARNING, the bin '21' of dimension 'Helicity' will be used for reference even though it has been probed only 2 times (minimum requested is 40 times).
 DiscreteSampler:: WARNING, the bin '22' of dimension 'Helicity' will be used for reference even though it has been probed only 1 times (minimum requested is 40 times).
 DiscreteSampler:: WARNING, the bin '23' of dimension 'Helicity' will be used for reference even though it has been probed only 3 times (minimum requested is 40 times).
 DiscreteSampler:: WARNING, the bin '24' of dimension 'Helicity' will be used for reference even though it has been probed only 3 times (minimum requested is 40 times).
 DiscreteSampler:: WARNING, the bin '25' of dimension 'Helicity' will be used for reference even though it has been probed only 2 times (minimum requested is 40 times).
 DiscreteSampler:: WARNING, the bin '26' of dimension 'Helicity' will be used for reference even though it has been probed only 0 times (minimum requested is 40 times).
 DiscreteSampler:: WARNING, the bin '27' of dimension 'Helicity' will be used for reference even though it has been probed only 0 times (minimum requested is 40 times).
 DiscreteSampler:: WARNING, the bin '28' of dimension 'Helicity' will be used for reference even though it has been probed only 2 times (minimum requested is 40 times).
 DiscreteSampler:: WARNING, the bin '29' of dimension 'Helicity' will be used for reference even though it has been probed only 5 times (minimum requested is 40 times).
 DiscreteSampler:: WARNING, the bin '30' of dimension 'Helicity' will be used for reference even though it has been probed only 0 times (minimum requested is 40 times).
 DiscreteSampler:: WARNING, the bin '31' of dimension 'Helicity' will be used for reference even though it has been probed only 0 times (minimum requested is 40 times).
 DiscreteSampler:: WARNING, the bin '32' of dimension 'Helicity' will be used for reference even though it has been probed only 0 times (minimum requested is 40 times).
 DiscreteSampler:: WARNING, the bin '33' of dimension 'Helicity' will be used for reference even though it has been probed only 0 times (minimum requested is 40 times).
 DiscreteSampler:: WARNING, the bin '34' of dimension 'Helicity' will be used for reference even though it has been probed only 1 times (minimum requested is 40 times).
 DiscreteSampler:: WARNING, the bin '35' of dimension 'Helicity' will be used for reference even though it has been probed only 0 times (minimum requested is 40 times).
 DiscreteSampler:: WARNING, the bin '36' of dimension 'Helicity' will be used for reference even though it has been probed only 4 times (minimum requested is 40 times).
 DiscreteSampler:: WARNING, the bin '37' of dimension 'Helicity' will be used for reference even though it has been probed only 0 times (minimum requested is 40 times).
 DiscreteSampler:: WARNING, the bin '38' of dimension 'Helicity' will be used for reference even though it has been probed only 2 times (minimum requested is 40 times).
 DiscreteSampler:: WARNING, the bin '39' of dimension 'Helicity' will be used for reference even though it has been probed only 1 times (minimum requested is 40 times).
 DiscreteSampler:: WARNING, the bin '40' of dimension 'Helicity' will be used for reference even though it has been probed only 2 times (minimum requested is 40 times).
 DiscreteSampler:: WARNING, the bin '41' of dimension 'Helicity' will be used for reference even though it has been probed only 1 times (minimum requested is 40 times).
 DiscreteSampler:: WARNING, the bin '42' of dimension 'Helicity' will be used for reference even though it has been probed only 0 times (minimum requested is 40 times).
 DiscreteSampler:: WARNING, the bin '43' of dimension 'Helicity' will be used for reference even though it has been probed only 0 times (minimum requested is 40 times).
 DiscreteSampler:: WARNING, the bin '44' of dimension 'Helicity' will be used for reference even though it has been probed only 1 times (minimum requested is 40 times).
 DiscreteSampler:: WARNING, the bin '45' of dimension 'Helicity' will be used for reference even though it has been probed only 1 times (minimum requested is 40 times).
 DiscreteSampler:: WARNING, the bin '46' of dimension 'Helicity' will be used for reference even though it has been probed only 0 times (minimum requested is 40 times).
 DiscreteSampler:: WARNING, the bin '47' of dimension 'Helicity' will be used for reference even though it has been probed only 2 times (minimum requested is 40 times).
 DiscreteSampler:: WARNING, the bin '48' of dimension 'Helicity' will be used for reference even though it has been probed only 1 times (minimum requested is 40 times).
 DiscreteSampler:: WARNING, the bin '49' of dimension 'Helicity' will be used for reference even though it has been probed only 2 times (minimum requested is 40 times).
 DiscreteSampler:: WARNING, the bin '50' of dimension 'Helicity' will be used for reference even though it has been probed only 3 times (minimum requested is 40 times).
 DiscreteSampler:: WARNING, the bin '51' of dimension 'Helicity' will be used for reference even though it has been probed only 1 times (minimum requested is 40 times).
 DiscreteSampler:: WARNING, the bin '52' of dimension 'Helicity' will be used for reference even though it has been probed only 1 times (minimum requested is 40 times).
 DiscreteSampler:: WARNING, the bin '53' of dimension 'Helicity' will be used for reference even though it has been probed only 1 times (minimum requested is 40 times).
 DiscreteSampler:: WARNING, the bin '54' of dimension 'Helicity' will be used for reference even though it has been probed only 0 times (minimum requested is 40 times).
 DiscreteSampler:: WARNING, the bin '55' of dimension 'Helicity' will be used for reference even though it has been probed only 1 times (minimum requested is 40 times).
 DiscreteSampler:: WARNING, the bin '56' of dimension 'Helicity' will be used for reference even though it has been probed only 2 times (minimum requested is 40 times).
 DiscreteSampler:: WARNING, the bin '57' of dimension 'Helicity' will be used for reference even though it has been probed only 1 times (minimum requested is 40 times).
 DiscreteSampler:: WARNING, the bin '58' of dimension 'Helicity' will be used for reference even though it has been probed only 4 times (minimum requested is 40 times).
 DiscreteSampler:: WARNING, the bin '59' of dimension 'Helicity' will be used for reference even though it has been probed only 2 times (minimum requested is 40 times).
 DiscreteSampler:: WARNING, the bin '60' of dimension 'Helicity' will be used for reference even though it has been probed only 2 times (minimum requested is 40 times).
 DiscreteSampler:: WARNING, the bin '61' of dimension 'Helicity' will be used for reference even though it has been probed only 1 times (minimum requested is 40 times).
 DiscreteSampler:: WARNING, the bin '62' of dimension 'Helicity' will be used for reference even though it has been probed only 3 times (minimum requested is 40 times).
 DiscreteSampler:: WARNING, the bin '63' of dimension 'Helicity' will be used for reference even though it has been probed only 2 times (minimum requested is 40 times).
 DiscreteSampler:: WARNING, the bin '64' of dimension 'Helicity' will be used for reference even though it has been probed only 2 times (minimum requested is 40 times).
 Iteration  1   Mean: 0.1175E-03 Abs mean: 0.1175E-03   Fluctuation:  0.272E-04   0.132E-02     0.0%
  1    0.1175E-03 0.1175E-03 +- 0.2717E-04      2.07
 Writing out events   8.3933546057178148E-007   2.0684319520645662     
 Relative summed weights:
  0.2467E+00  0.3497E+00  0.1068E-01  0.2058E-01
  0.1215E+00  0.2381E+00  0.6727E-02  0.5987E-02
 Relative number of events:
  0.2584E+00  0.2584E+00  0.2247E-01  0.7865E-01
  0.1124E+00  0.1910E+00  0.4494E-01  0.3371E-01
 Events:
          23          23           2           7
          10          17           4           3
 Iteration  2   Mean: 0.1241E-03 Abs mean: 0.1241E-03   Fluctuation:  0.212E-04   0.168E+00     1.2%
  2    0.1241E-03 0.1241E-03 +- 0.2122E-04     15.29
 Relative summed weights:
  0.1679E+00  0.1809E+00  0.2935E-01  0.1895E-01
  0.1793E+00  0.3804E+00  0.2512E-01  0.1813E-01
 Relative number of events:
  0.2105E+00  0.2084E+00  0.3188E-01  0.3562E-01
  0.2219E+00  0.2195E+00  0.3550E-01  0.3675E-01
 Events:
        1684        1667         255         285
        1775        1756         284         294
 Iteration  3   Mean: 0.1104E-03 Abs mean: 0.1104E-03   Fluctuation:  0.202E-05   0.114E-01     1.0%
  3    0.1104E-03 0.1104E-03 +- 0.2022E-05      2.32
 Relative summed weights:
  0.2257E+00  0.2329E+00  0.2457E-01  0.2256E-01
  0.2269E+00  0.2294E+00  0.1823E-01  0.1974E-01
 Relative number of events:
  0.2163E+00  0.2128E+00  0.3369E-01  0.3450E-01
  0.2194E+00  0.2142E+00  0.3419E-01  0.3481E-01
 Events:
        3461        3405         539         552
        3511        3428         547         557
 Accuracy:    0.010   0.100   0.018   0.296
 Finished due to accuracy    9.8664577169589110E-003  0.10000000000000001     

 -------------------------------------------------------------------------------
 Accumulated results:   Integral =  0.1106E-03
                        Std dev  =  0.2008E-05
                       Cross sec =  0.1106E-03
             Chi**2 per DoF.     =      0.2955
 -------------------------------------------------------------------------------
 Found        13217  events.
 Wrote          210  events.
 Actual xsec    1.1063353882402095E-004
 Correct abs xsec    1.1063353882402095E-004
 Event xsec    1.1063353882402095E-004
 Events wgts > 1:            4
 % Cross section > 1:    4.2459467740443302E-007  0.38378477441620468     
-------------------------------------------------
---------------------------
 Results Last   3 iters: Integral =   0.1106E-03
                     Abs integral =   0.1106E-03
                          Std dev =   0.2008E-05
                  Chi**2 per DoF. =      0.2391
-------------------------------------------------
---------------------------
 Status  0.10000000000000001                4           7

ls status:
events.lhe
ftn26
input_app.txt
log.txt
multijob.dat
results.dat
run1_app.log
