 Process in group number            1
 A PDF is used, so alpha_s(MZ) is going to be modified
 Old value of alpha_s from param_card:   0.11839999999999999     
  ****************************************
 
       NNPDFDriver version 1.0.3
   Grid: NNPDF23nlo_as_0119_qed_mem0.grid
  ****************************************
 New value of alpha_s from PDF nn23nlo:  0.11899999999999999     
 Define smin to   21625.000000000000     
 Define smin to   21625.000000000000     
 *****************************************************
 *               MadGraph/MadEvent                   *
 *        --------------------------------           *
 *          http://madgraph.hep.uiuc.edu             *
 *          http://madgraph.phys.ucl.ac.be           *
 *          http://madgraph.roma2.infn.it            *
 *        --------------------------------           *
 *                                                   *
 *          PARAMETER AND COUPLING VALUES            *
 *                                                   *
 *****************************************************

  External Params
  ---------------------------------
  
 aEWM1 =    132.50700000000001     
 mdl_Gf =    1.1663700000000000E-005
 aS =   0.11839999999999999     
 mdl_ymb =    4.7000000000000002     
 mdl_ymt =    172.00000000000000     
 mdl_ymtau =    1.7769999999999999     
 mdl_MZ =    91.187600000000003     
 mdl_MT =    172.00000000000000     
 mdl_MB =    0.0000000000000000     
 mdl_MH =    125.00000000000000     
 mdl_MTA =    0.0000000000000000     
 mdl_WZ =    2.4160230000000000     
 mdl_WW =    2.0029499999999998     
 mdl_WT =    1.4708000000000001     
 mdl_WH =    4.0879999999999996E-003
  Internal Params
  ---------------------------------
  
 mdl_conjg__CKM3x3 =    1.0000000000000000     
 mdl_conjg__CKM1x1 =    1.0000000000000000     
 mdl_CKM3x3 =    1.0000000000000000     
 mdl_complexi =                (0.0000000000000000,1.0000000000000000)
 mdl_MZ__exp__2 =    8315.1783937600012     
 mdl_MZ__exp__4 =    69142191.720053151     
 mdl_sqrt__2 =    1.4142135623730951     
 mdl_MH__exp__2 =    15625.000000000000     
 mdl_aEW =    7.5467711139788835E-003
 mdl_MW =    80.418232696860471     
 mdl_sqrt__aEW =    8.6872153846781555E-002
 mdl_ee =   0.30795376724436879     
 mdl_MW__exp__2 =    6467.0921500863988     
 mdl_sw2 =   0.22225455139488892     
 mdl_cw =   0.88189877457966293     
 mdl_sqrt__sw2 =   0.47143880980980862     
 mdl_sw =   0.47143880980980862     
 mdl_g1 =   0.34919400743146284     
 mdl_gw =   0.65322107734109924     
 mdl_vev =    246.22056907348579     
 mdl_vev__exp__2 =    60624.568634871190     
 mdl_lam =   0.12886689630821155     
 mdl_yb =    2.6995322804122736E-002
 mdl_yt =   0.98791394091683182     
 mdl_ytau =    1.0206529494239594E-002
 mdl_muH =    88.388347648318444     
 mdl_I1x33 =          (2.69953228041227358E-002,0.0000000000000000)
 mdl_I2x33 =               (0.98791394091683182,0.0000000000000000)
 mdl_I3x33 =               (0.98791394091683182,0.0000000000000000)
 mdl_I4x33 =          (2.69953228041227358E-002,0.0000000000000000)
 mdl_ee__exp__2 =    9.4835522759998875E-002
 mdl_sw__exp__2 =   0.22225455139488889     
 mdl_cw__exp__2 =   0.77774544860511108     
  Internal Params evaluated point by point
  ----------------------------------------
  
 mdl_sqrt__aS =   0.34409301068170506     
 mdl_G__exp__2 =    1.4878582807401259     
  Couplings of sm
  ---------------------------------
  
        GC_10 =  -0.12198E+01   0.00000E+00
        GC_11 =   0.00000E+00   0.12198E+01
         GC_1 =  -0.00000E+00  -0.10265E+00
         GC_2 =   0.00000E+00   0.20530E+00

 Collider parameters:
 --------------------

 Running at P P   machine @    100000.00000000000       GeV
 PDF set = nn23nlo
 alpha_s(Mz)= 0.1190 running at 2 loops.
 alpha_s(Mz)= 0.1190 running at 2 loops.
 Renormalization scale set on event-by-event basis
 Factorization   scale set on event-by-event basis


 getting user params
Enter number of events and max and min iterations: 
 Number of events and iterations         4000           5           3
Enter desired fractional accuracy: 
 Desired fractional accuracy:   0.10000000000000001     
Enter 0 for fixed, 2 for adjustable grid: 
Suppress amplitude (0 no, 1 yes)? 
 Using suppressed amplitude.
Exact helicity sum (0 yes, n = number/event)? 
 Monte-Carlo over helicities
 
 ********************************************
 * You are using the DiscreteSampler module *
 *      part of the MG5_aMC framework       *
 *         Author: Valentin Hirschi         *
 ********************************************
 
Enter Configuration Number: 
Running Configuration Number:    2
 Not subdividing B.W.
 Attempting mappinvarients           1           6
 Determine nb_t
 T-channel found:            0
 Completed mapping           6
 about to integrate           10        4000           5           3          10           1
 Using non-zero grid deformation.
 10 dimensions   4000 events 10 invarients  5 iterations  1 config(s),  (0.99)
 Using h-tuple random number sequence.
 Error opening grid
 Using Uniform Grid!          24
 Using uniform alpha   1.0000000000000000     
 Grid defined OK
 Masses: 0.000E+00 0.000E+00 0.000E+00 0.000E+00 0.000E+00 0.000E+00
 Set CM energy to     100000.00
 Mapping Graph           2  to config           2
 Determine nb_t
 T-channel found:            0
Setting grid   1    0.50540E-07   1
Setting grid   2    0.50540E-07   1
Setting grid   3    0.20216E-06   1
 Transforming s_hat 1/s            9   2.1625000000000005E-006   21625.000000000000        9999999999.9999981     
 Got moffset           1
Using random seed offsets     2 :      2
  with seed                   30
 Ranmar initialization seeds        8293       12563
  Particle       3       4       5       6
      Et >    25.0    25.0    28.0    28.0
       E >     0.0     0.0     0.0     0.0
     Eta <     2.8     2.8     2.7     2.7
   xqcut:      0.0     0.0     0.0     0.0
d R # 3  >    -0.0     0.3     0.9     0.9
d R # 4  >    -0.0    -0.0     0.9     0.9
d R # 5  >    -0.0    -0.0    -0.0     0.3
s min # 3>     0.0  7225.0     0.0     0.0
s min # 4>     0.0     0.0     0.0     0.0
s min # 5>     0.0     0.0     0.0 14400.0
xqcutij # 3>     0.0     0.0     0.0     0.0
xqcutij # 4>     0.0     0.0     0.0     0.0
xqcutij # 5>     0.0     0.0     0.0     0.0
 alpha_s for scale    216.36665948811353       is   0.10520800972328903     
 RESET CUMULATIVE VARIABLE
 DiscreteSampler:: WARNING, the bin '1' of dimension 'Helicity' will be used for reference even though it has been probed only 0 times (minimum requested is 40 times).
 DiscreteSampler:: WARNING, the bin '2' of dimension 'Helicity' will be used for reference even though it has been probed only 0 times (minimum requested is 40 times).
 DiscreteSampler:: WARNING, the bin '3' of dimension 'Helicity' will be used for reference even though it has been probed only 1 times (minimum requested is 40 times).
 DiscreteSampler:: WARNING, the bin '4' of dimension 'Helicity' will be used for reference even though it has been probed only 1 times (minimum requested is 40 times).
 DiscreteSampler:: WARNING, the bin '5' of dimension 'Helicity' will be used for reference even though it has been probed only 0 times (minimum requested is 40 times).
 DiscreteSampler:: WARNING, the bin '6' of dimension 'Helicity' will be used for reference even though it has been probed only 1 times (minimum requested is 40 times).
 DiscreteSampler:: WARNING, the bin '7' of dimension 'Helicity' will be used for reference even though it has been probed only 1 times (minimum requested is 40 times).
 DiscreteSampler:: WARNING, the bin '8' of dimension 'Helicity' will be used for reference even though it has been probed only 1 times (minimum requested is 40 times).
 DiscreteSampler:: WARNING, the bin '9' of dimension 'Helicity' will be used for reference even though it has been probed only 0 times (minimum requested is 40 times).
 DiscreteSampler:: WARNING, the bin '10' of dimension 'Helicity' will be used for reference even though it has been probed only 0 times (minimum requested is 40 times).
 DiscreteSampler:: WARNING, the bin '11' of dimension 'Helicity' will be used for reference even though it has been probed only 0 times (minimum requested is 40 times).
 DiscreteSampler:: WARNING, the bin '12' of dimension 'Helicity' will be used for reference even though it has been probed only 0 times (minimum requested is 40 times).
 DiscreteSampler:: WARNING, the bin '13' of dimension 'Helicity' will be used for reference even though it has been probed only 1 times (minimum requested is 40 times).
 DiscreteSampler:: WARNING, the bin '14' of dimension 'Helicity' will be used for reference even though it has been probed only 2 times (minimum requested is 40 times).
 DiscreteSampler:: WARNING, the bin '15' of dimension 'Helicity' will be used for reference even though it has been probed only 0 times (minimum requested is 40 times).
 DiscreteSampler:: WARNING, the bin '16' of dimension 'Helicity' will be used for reference even though it has been probed only 1 times (minimum requested is 40 times).
 DiscreteSampler:: WARNING, the bin '17' of dimension 'Helicity' will be used for reference even though it has been probed only 1 times (minimum requested is 40 times).
 DiscreteSampler:: WARNING, the bin '18' of dimension 'Helicity' will be used for reference even though it has been probed only 0 times (minimum requested is 40 times).
 DiscreteSampler:: WARNING, the bin '19' of dimension 'Helicity' will be used for reference even though it has been probed only 0 times (minimum requested is 40 times).
 DiscreteSampler:: WARNING, the bin '20' of dimension 'Helicity' will be used for reference even though it has been probed only 0 times (minimum requested is 40 times).
 DiscreteSampler:: WARNING, the bin '21' of dimension 'Helicity' will be used for reference even though it has been probed only 1 times (minimum requested is 40 times).
 DiscreteSampler:: WARNING, the bin '22' of dimension 'Helicity' will be used for reference even though it has been probed only 1 times (minimum requested is 40 times).
 DiscreteSampler:: WARNING, the bin '23' of dimension 'Helicity' will be used for reference even though it has been probed only 0 times (minimum requested is 40 times).
 DiscreteSampler:: WARNING, the bin '24' of dimension 'Helicity' will be used for reference even though it has been probed only 1 times (minimum requested is 40 times).
 DiscreteSampler:: WARNING, the bin '25' of dimension 'Helicity' will be used for reference even though it has been probed only 0 times (minimum requested is 40 times).
 DiscreteSampler:: WARNING, the bin '26' of dimension 'Helicity' will be used for reference even though it has been probed only 1 times (minimum requested is 40 times).
 DiscreteSampler:: WARNING, the bin '27' of dimension 'Helicity' will be used for reference even though it has been probed only 1 times (minimum requested is 40 times).
 DiscreteSampler:: WARNING, the bin '28' of dimension 'Helicity' will be used for reference even though it has been probed only 1 times (minimum requested is 40 times).
 DiscreteSampler:: WARNING, the bin '29' of dimension 'Helicity' will be used for reference even though it has been probed only 0 times (minimum requested is 40 times).
 DiscreteSampler:: WARNING, the bin '30' of dimension 'Helicity' will be used for reference even though it has been probed only 1 times (minimum requested is 40 times).
 DiscreteSampler:: WARNING, the bin '31' of dimension 'Helicity' will be used for reference even though it has been probed only 2 times (minimum requested is 40 times).
 DiscreteSampler:: WARNING, the bin '32' of dimension 'Helicity' will be used for reference even though it has been probed only 0 times (minimum requested is 40 times).
 DiscreteSampler:: WARNING, the bin '33' of dimension 'Helicity' will be used for reference even though it has been probed only 0 times (minimum requested is 40 times).
 DiscreteSampler:: WARNING, the bin '34' of dimension 'Helicity' will be used for reference even though it has been probed only 0 times (minimum requested is 40 times).
 DiscreteSampler:: WARNING, the bin '35' of dimension 'Helicity' will be used for reference even though it has been probed only 1 times (minimum requested is 40 times).
 DiscreteSampler:: WARNING, the bin '36' of dimension 'Helicity' will be used for reference even though it has been probed only 0 times (minimum requested is 40 times).
 DiscreteSampler:: WARNING, the bin '37' of dimension 'Helicity' will be used for reference even though it has been probed only 0 times (minimum requested is 40 times).
 DiscreteSampler:: WARNING, the bin '38' of dimension 'Helicity' will be used for reference even though it has been probed only 0 times (minimum requested is 40 times).
 DiscreteSampler:: WARNING, the bin '39' of dimension 'Helicity' will be used for reference even though it has been probed only 1 times (minimum requested is 40 times).
 DiscreteSampler:: WARNING, the bin '40' of dimension 'Helicity' will be used for reference even though it has been probed only 0 times (minimum requested is 40 times).
 DiscreteSampler:: WARNING, the bin '41' of dimension 'Helicity' will be used for reference even though it has been probed only 0 times (minimum requested is 40 times).
 DiscreteSampler:: WARNING, the bin '42' of dimension 'Helicity' will be used for reference even though it has been probed only 0 times (minimum requested is 40 times).
 DiscreteSampler:: WARNING, the bin '43' of dimension 'Helicity' will be used for reference even though it has been probed only 0 times (minimum requested is 40 times).
 DiscreteSampler:: WARNING, the bin '44' of dimension 'Helicity' will be used for reference even though it has been probed only 1 times (minimum requested is 40 times).
 DiscreteSampler:: WARNING, the bin '45' of dimension 'Helicity' will be used for reference even though it has been probed only 0 times (minimum requested is 40 times).
 DiscreteSampler:: WARNING, the bin '46' of dimension 'Helicity' will be used for reference even though it has been probed only 1 times (minimum requested is 40 times).
 DiscreteSampler:: WARNING, the bin '47' of dimension 'Helicity' will be used for reference even though it has been probed only 1 times (minimum requested is 40 times).
 DiscreteSampler:: WARNING, the bin '48' of dimension 'Helicity' will be used for reference even though it has been probed only 1 times (minimum requested is 40 times).
 DiscreteSampler:: WARNING, the bin '49' of dimension 'Helicity' will be used for reference even though it has been probed only 0 times (minimum requested is 40 times).
 DiscreteSampler:: WARNING, the bin '50' of dimension 'Helicity' will be used for reference even though it has been probed only 0 times (minimum requested is 40 times).
 DiscreteSampler:: WARNING, the bin '51' of dimension 'Helicity' will be used for reference even though it has been probed only 0 times (minimum requested is 40 times).
 DiscreteSampler:: WARNING, the bin '52' of dimension 'Helicity' will be used for reference even though it has been probed only 0 times (minimum requested is 40 times).
 DiscreteSampler:: WARNING, the bin '53' of dimension 'Helicity' will be used for reference even though it has been probed only 0 times (minimum requested is 40 times).
 DiscreteSampler:: WARNING, the bin '54' of dimension 'Helicity' will be used for reference even though it has been probed only 0 times (minimum requested is 40 times).
 DiscreteSampler:: WARNING, the bin '55' of dimension 'Helicity' will be used for reference even though it has been probed only 1 times (minimum requested is 40 times).
 DiscreteSampler:: WARNING, the bin '56' of dimension 'Helicity' will be used for reference even though it has been probed only 1 times (minimum requested is 40 times).
 DiscreteSampler:: WARNING, the bin '57' of dimension 'Helicity' will be used for reference even though it has been probed only 0 times (minimum requested is 40 times).
 DiscreteSampler:: WARNING, the bin '58' of dimension 'Helicity' will be used for reference even though it has been probed only 0 times (minimum requested is 40 times).
 DiscreteSampler:: WARNING, the bin '59' of dimension 'Helicity' will be used for reference even though it has been probed only 0 times (minimum requested is 40 times).
 DiscreteSampler:: WARNING, the bin '60' of dimension 'Helicity' will be used for reference even though it has been probed only 1 times (minimum requested is 40 times).
 DiscreteSampler:: WARNING, the bin '61' of dimension 'Helicity' will be used for reference even though it has been probed only 0 times (minimum requested is 40 times).
 DiscreteSampler:: WARNING, the bin '62' of dimension 'Helicity' will be used for reference even though it has been probed only 1 times (minimum requested is 40 times).
 DiscreteSampler:: WARNING, the bin '63' of dimension 'Helicity' will be used for reference even though it has been probed only 1 times (minimum requested is 40 times).
 DiscreteSampler:: WARNING, the bin '64' of dimension 'Helicity' will be used for reference even though it has been probed only 0 times (minimum requested is 40 times).
 Iteration  1   Mean: 0.2719E-05 Abs mean: 0.2719E-05   Fluctuation:  0.247E-05   0.518E-04     0.0%
  1    0.2719E-05 0.2719E-05 +- 0.2470E-05      4.16
 Writing out events   2.7185367975505259E-008   4.1635858648729833     
 Relative summed weights:
  0.4016E-01  0.3418E-01  0.0000E+00  0.4690E-04
  0.9220E+00  0.3562E-02  0.2318E-07  0.1449E-04
 Relative number of events:
  0.1000E+00  0.1667E+00  0.0000E+00  0.6667E-01
  0.2333E+00  0.3333E+00  0.6667E-01  0.3333E-01
 Events:
           3           5           0           2
           7          10           2           1
 Iteration  2   Mean: 0.2543E-06 Abs mean: 0.2543E-06   Fluctuation:  0.658E-07   0.372E-03     0.5%
  2    0.2543E-06 0.2543E-06 +- 0.6575E-07     23.13
 Relative summed weights:
  0.4017E+00  0.1485E+00  0.4203E-02  0.3743E-01
  0.1614E+00  0.1728E+00  0.9069E-02  0.6495E-01
 Relative number of events:
  0.2074E+00  0.2050E+00  0.3963E-01  0.4375E-01
  0.2100E+00  0.2087E+00  0.4225E-01  0.4325E-01
 Events:
        1659        1640         317         350
        1680        1670         338         346
 Iteration  3   Mean: 0.1122E-05 Abs mean: 0.1122E-05   Fluctuation:  0.633E-06   0.618E-02     0.3%
  3    0.1122E-05 0.1122E-05 +- 0.6331E-06     56.14
 Relative summed weights:
  0.6327E+00  0.7501E-01  0.9289E-02  0.5742E-02
  0.1947E+00  0.7417E-01  0.3210E-02  0.5172E-02
 Relative number of events:
  0.2085E+00  0.2163E+00  0.3957E-01  0.4118E-01
  0.2061E+00  0.2038E+00  0.4199E-01  0.4250E-01
 Events:
        2066        2143         392         408
        2042        2019         416         421
 Accuracy:    0.829   0.100   0.228  13.271
 Found         4775  events.
 Wrote            1  events.
 Actual xsec    5.5018798872491175E-007
 Correct abs xsec    5.5018798872491175E-007
 Event xsec    5.5018798872491175E-007
 Events wgts > 1:            0
 % Cross section > 1:    0.0000000000000000        0.0000000000000000     
 Iteration  4   Mean: 0.9064E-06 Abs mean: 0.9064E-06   Fluctuation:  0.156E-06   0.202E-02     0.3%
  4    0.9064E-06 0.9064E-06 +- 0.1555E-06     22.17
 Relative summed weights:
  0.2392E+00  0.2882E+00  0.4091E-01  0.4197E-01
  0.1567E+00  0.2178E+00  0.7248E-02  0.8016E-02
 Relative number of events:
  0.2052E+00  0.2081E+00  0.4222E-01  0.4174E-01
  0.2109E+00  0.2079E+00  0.4091E-01  0.4294E-01
 Events:
        3426        3475         705         697
        3522        3472         683         717
 Accuracy:    0.315   0.100   0.137   5.294
 Found         9405  events.
 Wrote            9  events.
 Actual xsec    7.3216333062666242E-007
 Correct abs xsec    7.3216333062666242E-007
 Event xsec    7.3216333062666221E-007
 Events wgts > 1:            0
 % Cross section > 1:    0.0000000000000000        0.0000000000000000     
 Iteration  5   Mean: 0.7066E-06 Abs mean: 0.7066E-06   Fluctuation:  0.347E-07   0.321E-03     0.2%
  5    0.7066E-06 0.7066E-06 +- 0.3466E-07      7.37
 Relative summed weights:
  0.2270E+00  0.2348E+00  0.1504E-01  0.2759E-01
  0.2265E+00  0.2218E+00  0.2393E-01  0.2331E-01
 Relative number of events:
  0.2088E+00  0.2096E+00  0.3996E-01  0.3881E-01
  0.2115E+00  0.2096E+00  0.4036E-01  0.4133E-01
 Events:
        4714        4732         902         876
        4773        4731         911         933
 Accuracy:    0.101   0.100   0.046   4.813
 Found        17195  events.
 Wrote           51  events.
 Actual xsec    7.2448546972357866E-007
 Correct abs xsec    7.2448546972357866E-007
 Event xsec    7.2448546972357877E-007
 Events wgts > 1:            3
 % Cross section > 1:    4.8700846169845909E-009  0.67221287665613638     

 -------------------------------------------------------------------------------
 Accumulated results:   Integral =  0.7146E-06
                        Std dev  =  0.3300E-07
                       Cross sec =  0.7146E-06
             Chi**2 per DoF.     =      4.8134
 -------------------------------------------------------------------------------
-------------------------------------------------
---------------------------
 Results Last   3 iters: Integral =   0.7245E-06
                     Abs integral =   0.7245E-06
                          Std dev =   0.3405E-07
                  Chi**2 per DoF. =      1.0150
-------------------------------------------------
---------------------------
 Status  0.10000000000000001                6           5

ls status:
events.lhe
ftn26
input_app.txt
input_sg.txt
moffset.dat
results.dat
run1_app.log
