 Process in group number            1
 A PDF is used, so alpha_s(MZ) is going to be modified
 Old value of alpha_s from param_card:   0.11839999999999999     
  ****************************************
 
       NNPDFDriver version 1.0.3
   Grid: NNPDF23nlo_as_0119_qed_mem0.grid
  ****************************************
 New value of alpha_s from PDF nn23nlo:  0.11899999999999999     
 Define smin to   21625.000000000000     
 Define smin to   21625.000000000000     
 *****************************************************
 *               MadGraph/MadEvent                   *
 *        --------------------------------           *
 *          http://madgraph.hep.uiuc.edu             *
 *          http://madgraph.phys.ucl.ac.be           *
 *          http://madgraph.roma2.infn.it            *
 *        --------------------------------           *
 *                                                   *
 *          PARAMETER AND COUPLING VALUES            *
 *                                                   *
 *****************************************************

  External Params
  ---------------------------------
  
 aEWM1 =    132.50700000000001     
 mdl_Gf =    1.1663700000000000E-005
 aS =   0.11839999999999999     
 mdl_ymb =    4.7000000000000002     
 mdl_ymt =    172.00000000000000     
 mdl_ymtau =    1.7769999999999999     
 mdl_MZ =    91.187600000000003     
 mdl_MT =    172.00000000000000     
 mdl_MB =    0.0000000000000000     
 mdl_MH =    125.00000000000000     
 mdl_MTA =    0.0000000000000000     
 mdl_WZ =    2.4160230000000000     
 mdl_WW =    2.0029499999999998     
 mdl_WT =    1.4708000000000001     
 mdl_WH =    4.0879999999999996E-003
  Internal Params
  ---------------------------------
  
 mdl_conjg__CKM3x3 =    1.0000000000000000     
 mdl_conjg__CKM1x1 =    1.0000000000000000     
 mdl_CKM3x3 =    1.0000000000000000     
 mdl_complexi =                (0.0000000000000000,1.0000000000000000)
 mdl_MZ__exp__2 =    8315.1783937600012     
 mdl_MZ__exp__4 =    69142191.720053151     
 mdl_sqrt__2 =    1.4142135623730951     
 mdl_MH__exp__2 =    15625.000000000000     
 mdl_aEW =    7.5467711139788835E-003
 mdl_MW =    80.418232696860471     
 mdl_sqrt__aEW =    8.6872153846781555E-002
 mdl_ee =   0.30795376724436879     
 mdl_MW__exp__2 =    6467.0921500863988     
 mdl_sw2 =   0.22225455139488892     
 mdl_cw =   0.88189877457966293     
 mdl_sqrt__sw2 =   0.47143880980980862     
 mdl_sw =   0.47143880980980862     
 mdl_g1 =   0.34919400743146284     
 mdl_gw =   0.65322107734109924     
 mdl_vev =    246.22056907348579     
 mdl_vev__exp__2 =    60624.568634871190     
 mdl_lam =   0.12886689630821155     
 mdl_yb =    2.6995322804122736E-002
 mdl_yt =   0.98791394091683182     
 mdl_ytau =    1.0206529494239594E-002
 mdl_muH =    88.388347648318444     
 mdl_I1x33 =          (2.69953228041227358E-002,0.0000000000000000)
 mdl_I2x33 =               (0.98791394091683182,0.0000000000000000)
 mdl_I3x33 =               (0.98791394091683182,0.0000000000000000)
 mdl_I4x33 =          (2.69953228041227358E-002,0.0000000000000000)
 mdl_ee__exp__2 =    9.4835522759998875E-002
 mdl_sw__exp__2 =   0.22225455139488889     
 mdl_cw__exp__2 =   0.77774544860511108     
  Internal Params evaluated point by point
  ----------------------------------------
  
 mdl_sqrt__aS =   0.34409301068170506     
 mdl_G__exp__2 =    1.4878582807401259     
  Couplings of sm
  ---------------------------------
  
        GC_10 =  -0.12198E+01   0.00000E+00
        GC_11 =   0.00000E+00   0.12198E+01
         GC_1 =  -0.00000E+00  -0.10265E+00
         GC_2 =   0.00000E+00   0.20530E+00

 Collider parameters:
 --------------------

 Running at P P   machine @    100000.00000000000       GeV
 PDF set = nn23nlo
 alpha_s(Mz)= 0.1190 running at 2 loops.
 alpha_s(Mz)= 0.1190 running at 2 loops.
 Renormalization scale set on event-by-event basis
 Factorization   scale set on event-by-event basis


 getting user params
Enter number of events and max and min iterations: 
 Number of events and iterations         4000           5           3
Enter desired fractional accuracy: 
 Desired fractional accuracy:   0.10000000000000001     
Enter 0 for fixed, 2 for adjustable grid: 
Suppress amplitude (0 no, 1 yes)? 
 Using suppressed amplitude.
Exact helicity sum (0 yes, n = number/event)? 
 Monte-Carlo over helicities
 
 ********************************************
 * You are using the DiscreteSampler module *
 *      part of the MG5_aMC framework       *
 *         Author: Valentin Hirschi         *
 ********************************************
 
Enter Configuration Number: 
Running Configuration Number:    1
 Not subdividing B.W.
 Attempting mappinvarients           1           6
 Determine nb_t
 T-channel found:            0
 Completed mapping           6
 about to integrate           10        4000           5           3          10           1
 Using non-zero grid deformation.
 10 dimensions   4000 events 10 invarients  5 iterations  1 config(s),  (0.99)
 Using h-tuple random number sequence.
 Error opening grid
 Using Uniform Grid!          24
 Using uniform alpha   1.0000000000000000     
 Grid defined OK
 Masses: 0.000E+00 0.000E+00 0.000E+00 0.000E+00 0.000E+00 0.000E+00
 Set CM energy to     100000.00
 Mapping Graph           1  to config           1
 Determine nb_t
 T-channel found:            0
Setting grid   1    0.50540E-07   1
Setting grid   2    0.50540E-07   1
Setting grid   3    0.50540E-07   1
 Transforming s_hat 1/s            9   2.1625000000000005E-006   21625.000000000000        9999999999.9999981     
 Got moffset           1
Using random seed offsets     1 :      2
  with seed                   30
 Ranmar initialization seeds        8292       12563
  Particle       3       4       5       6
      Et >    25.0    25.0    28.0    28.0
       E >     0.0     0.0     0.0     0.0
     Eta <     2.8     2.8     2.7     2.7
   xqcut:      0.0     0.0     0.0     0.0
d R # 3  >    -0.0     0.3     0.9     0.9
d R # 4  >    -0.0    -0.0     0.9     0.9
d R # 5  >    -0.0    -0.0    -0.0     0.3
s min # 3>     0.0  7225.0     0.0     0.0
s min # 4>     0.0     0.0     0.0     0.0
s min # 5>     0.0     0.0     0.0 14400.0
xqcutij # 3>     0.0     0.0     0.0     0.0
xqcutij # 4>     0.0     0.0     0.0     0.0
xqcutij # 5>     0.0     0.0     0.0     0.0
 alpha_s for scale    217.68337693135277       is   0.10512267802638418     
 RESET CUMULATIVE VARIABLE
 DiscreteSampler:: WARNING, the bin '1' of dimension 'Helicity' will be used for reference even though it has been probed only 1 times (minimum requested is 40 times).
 DiscreteSampler:: WARNING, the bin '2' of dimension 'Helicity' will be used for reference even though it has been probed only 1 times (minimum requested is 40 times).
 DiscreteSampler:: WARNING, the bin '3' of dimension 'Helicity' will be used for reference even though it has been probed only 1 times (minimum requested is 40 times).
 DiscreteSampler:: WARNING, the bin '4' of dimension 'Helicity' will be used for reference even though it has been probed only 1 times (minimum requested is 40 times).
 DiscreteSampler:: WARNING, the bin '5' of dimension 'Helicity' will be used for reference even though it has been probed only 3 times (minimum requested is 40 times).
 DiscreteSampler:: WARNING, the bin '6' of dimension 'Helicity' will be used for reference even though it has been probed only 0 times (minimum requested is 40 times).
 DiscreteSampler:: WARNING, the bin '7' of dimension 'Helicity' will be used for reference even though it has been probed only 1 times (minimum requested is 40 times).
 DiscreteSampler:: WARNING, the bin '8' of dimension 'Helicity' will be used for reference even though it has been probed only 2 times (minimum requested is 40 times).
 DiscreteSampler:: WARNING, the bin '9' of dimension 'Helicity' will be used for reference even though it has been probed only 0 times (minimum requested is 40 times).
 DiscreteSampler:: WARNING, the bin '10' of dimension 'Helicity' will be used for reference even though it has been probed only 0 times (minimum requested is 40 times).
 DiscreteSampler:: WARNING, the bin '11' of dimension 'Helicity' will be used for reference even though it has been probed only 1 times (minimum requested is 40 times).
 DiscreteSampler:: WARNING, the bin '12' of dimension 'Helicity' will be used for reference even though it has been probed only 1 times (minimum requested is 40 times).
 DiscreteSampler:: WARNING, the bin '13' of dimension 'Helicity' will be used for reference even though it has been probed only 2 times (minimum requested is 40 times).
 DiscreteSampler:: WARNING, the bin '14' of dimension 'Helicity' will be used for reference even though it has been probed only 2 times (minimum requested is 40 times).
 DiscreteSampler:: WARNING, the bin '15' of dimension 'Helicity' will be used for reference even though it has been probed only 1 times (minimum requested is 40 times).
 DiscreteSampler:: WARNING, the bin '16' of dimension 'Helicity' will be used for reference even though it has been probed only 2 times (minimum requested is 40 times).
 DiscreteSampler:: WARNING, the bin '17' of dimension 'Helicity' will be used for reference even though it has been probed only 2 times (minimum requested is 40 times).
 DiscreteSampler:: WARNING, the bin '18' of dimension 'Helicity' will be used for reference even though it has been probed only 2 times (minimum requested is 40 times).
 DiscreteSampler:: WARNING, the bin '19' of dimension 'Helicity' will be used for reference even though it has been probed only 0 times (minimum requested is 40 times).
 DiscreteSampler:: WARNING, the bin '20' of dimension 'Helicity' will be used for reference even though it has been probed only 1 times (minimum requested is 40 times).
 DiscreteSampler:: WARNING, the bin '21' of dimension 'Helicity' will be used for reference even though it has been probed only 1 times (minimum requested is 40 times).
 DiscreteSampler:: WARNING, the bin '22' of dimension 'Helicity' will be used for reference even though it has been probed only 1 times (minimum requested is 40 times).
 DiscreteSampler:: WARNING, the bin '23' of dimension 'Helicity' will be used for reference even though it has been probed only 3 times (minimum requested is 40 times).
 DiscreteSampler:: WARNING, the bin '24' of dimension 'Helicity' will be used for reference even though it has been probed only 0 times (minimum requested is 40 times).
 DiscreteSampler:: WARNING, the bin '25' of dimension 'Helicity' will be used for reference even though it has been probed only 0 times (minimum requested is 40 times).
 DiscreteSampler:: WARNING, the bin '26' of dimension 'Helicity' will be used for reference even though it has been probed only 1 times (minimum requested is 40 times).
 DiscreteSampler:: WARNING, the bin '27' of dimension 'Helicity' will be used for reference even though it has been probed only 0 times (minimum requested is 40 times).
 DiscreteSampler:: WARNING, the bin '28' of dimension 'Helicity' will be used for reference even though it has been probed only 1 times (minimum requested is 40 times).
 DiscreteSampler:: WARNING, the bin '29' of dimension 'Helicity' will be used for reference even though it has been probed only 0 times (minimum requested is 40 times).
 DiscreteSampler:: WARNING, the bin '30' of dimension 'Helicity' will be used for reference even though it has been probed only 1 times (minimum requested is 40 times).
 DiscreteSampler:: WARNING, the bin '31' of dimension 'Helicity' will be used for reference even though it has been probed only 1 times (minimum requested is 40 times).
 DiscreteSampler:: WARNING, the bin '32' of dimension 'Helicity' will be used for reference even though it has been probed only 0 times (minimum requested is 40 times).
 DiscreteSampler:: WARNING, the bin '33' of dimension 'Helicity' will be used for reference even though it has been probed only 0 times (minimum requested is 40 times).
 DiscreteSampler:: WARNING, the bin '34' of dimension 'Helicity' will be used for reference even though it has been probed only 1 times (minimum requested is 40 times).
 DiscreteSampler:: WARNING, the bin '35' of dimension 'Helicity' will be used for reference even though it has been probed only 2 times (minimum requested is 40 times).
 DiscreteSampler:: WARNING, the bin '36' of dimension 'Helicity' will be used for reference even though it has been probed only 0 times (minimum requested is 40 times).
 DiscreteSampler:: WARNING, the bin '37' of dimension 'Helicity' will be used for reference even though it has been probed only 1 times (minimum requested is 40 times).
 DiscreteSampler:: WARNING, the bin '38' of dimension 'Helicity' will be used for reference even though it has been probed only 1 times (minimum requested is 40 times).
 DiscreteSampler:: WARNING, the bin '39' of dimension 'Helicity' will be used for reference even though it has been probed only 1 times (minimum requested is 40 times).
 DiscreteSampler:: WARNING, the bin '40' of dimension 'Helicity' will be used for reference even though it has been probed only 2 times (minimum requested is 40 times).
 DiscreteSampler:: WARNING, the bin '41' of dimension 'Helicity' will be used for reference even though it has been probed only 1 times (minimum requested is 40 times).
 DiscreteSampler:: WARNING, the bin '42' of dimension 'Helicity' will be used for reference even though it has been probed only 0 times (minimum requested is 40 times).
 DiscreteSampler:: WARNING, the bin '43' of dimension 'Helicity' will be used for reference even though it has been probed only 1 times (minimum requested is 40 times).
 DiscreteSampler:: WARNING, the bin '44' of dimension 'Helicity' will be used for reference even though it has been probed only 1 times (minimum requested is 40 times).
 DiscreteSampler:: WARNING, the bin '45' of dimension 'Helicity' will be used for reference even though it has been probed only 0 times (minimum requested is 40 times).
 DiscreteSampler:: WARNING, the bin '46' of dimension 'Helicity' will be used for reference even though it has been probed only 2 times (minimum requested is 40 times).
 DiscreteSampler:: WARNING, the bin '47' of dimension 'Helicity' will be used for reference even though it has been probed only 1 times (minimum requested is 40 times).
 DiscreteSampler:: WARNING, the bin '48' of dimension 'Helicity' will be used for reference even though it has been probed only 0 times (minimum requested is 40 times).
 DiscreteSampler:: WARNING, the bin '49' of dimension 'Helicity' will be used for reference even though it has been probed only 1 times (minimum requested is 40 times).
 DiscreteSampler:: WARNING, the bin '50' of dimension 'Helicity' will be used for reference even though it has been probed only 0 times (minimum requested is 40 times).
 DiscreteSampler:: WARNING, the bin '51' of dimension 'Helicity' will be used for reference even though it has been probed only 1 times (minimum requested is 40 times).
 DiscreteSampler:: WARNING, the bin '52' of dimension 'Helicity' will be used for reference even though it has been probed only 1 times (minimum requested is 40 times).
 DiscreteSampler:: WARNING, the bin '53' of dimension 'Helicity' will be used for reference even though it has been probed only 1 times (minimum requested is 40 times).
 DiscreteSampler:: WARNING, the bin '54' of dimension 'Helicity' will be used for reference even though it has been probed only 0 times (minimum requested is 40 times).
 DiscreteSampler:: WARNING, the bin '55' of dimension 'Helicity' will be used for reference even though it has been probed only 1 times (minimum requested is 40 times).
 DiscreteSampler:: WARNING, the bin '56' of dimension 'Helicity' will be used for reference even though it has been probed only 0 times (minimum requested is 40 times).
 DiscreteSampler:: WARNING, the bin '57' of dimension 'Helicity' will be used for reference even though it has been probed only 1 times (minimum requested is 40 times).
 DiscreteSampler:: WARNING, the bin '58' of dimension 'Helicity' will be used for reference even though it has been probed only 2 times (minimum requested is 40 times).
 DiscreteSampler:: WARNING, the bin '59' of dimension 'Helicity' will be used for reference even though it has been probed only 0 times (minimum requested is 40 times).
 DiscreteSampler:: WARNING, the bin '60' of dimension 'Helicity' will be used for reference even though it has been probed only 1 times (minimum requested is 40 times).
 DiscreteSampler:: WARNING, the bin '61' of dimension 'Helicity' will be used for reference even though it has been probed only 2 times (minimum requested is 40 times).
 DiscreteSampler:: WARNING, the bin '62' of dimension 'Helicity' will be used for reference even though it has been probed only 1 times (minimum requested is 40 times).
 DiscreteSampler:: WARNING, the bin '63' of dimension 'Helicity' will be used for reference even though it has been probed only 0 times (minimum requested is 40 times).
 DiscreteSampler:: WARNING, the bin '64' of dimension 'Helicity' will be used for reference even though it has been probed only 1 times (minimum requested is 40 times).
 Iteration  1   Mean: 0.4541E-07 Abs mean: 0.4541E-07   Fluctuation:  0.338E-07   0.170E-05     0.0%
  1    0.4541E-07 0.4541E-07 +- 0.3382E-07      5.32
 Writing out events   4.5411658208653181E-010   5.3180935864767109     
 Relative summed weights:
  0.2807E-01  0.8341E+00  0.0000E+00  0.0000E+00
  0.6000E-01  0.4992E-01  0.4068E-05  0.0000E+00
  0.2201E-03  0.2820E-05  0.1129E-05  0.3319E-05
  0.2366E-01  0.1726E-06  0.4045E-02  0.1561E-06
 Relative number of events:
  0.1833E+00  0.1500E+00  0.0000E+00  0.0000E+00
  0.2333E+00  0.1500E+00  0.1667E-01  0.0000E+00
  0.1667E-01  0.6667E-01  0.3333E-01  0.3333E-01
  0.6667E-01  0.1667E-01  0.1667E-01  0.1667E-01
 Events:
          11           9           0           0
          14           9           1           0
           1           4           2           2
           4           1           1           1
 Iteration  2   Mean: 0.1924E-06 Abs mean: 0.1924E-06   Fluctuation:  0.810E-07   0.439E-03     0.4%
  2    0.1924E-06 0.1924E-06 +- 0.8104E-07     34.71
 Relative summed weights:
  0.7061E-01  0.4384E-01  0.9150E-02  0.3586E-03
  0.5964E-01  0.5294E-01  0.5172E-03  0.4026E-03
  0.6634E-01  0.1227E-01  0.2902E-01  0.6544E-02
  0.3526E+00  0.2891E+00  0.5318E-02  0.1387E-02
 Relative number of events:
  0.1876E+00  0.1873E+00  0.1031E-02  0.1326E-02
  0.1902E+00  0.1949E+00  0.1326E-02  0.8840E-03
  0.2461E-01  0.2726E-01  0.3256E-01  0.3330E-01
  0.2490E-01  0.2755E-01  0.3639E-01  0.2888E-01
 Events:
        1273        1271           7           9
        1291        1323           9           6
         167         185         221         226
         169         187         247         196
 Iteration  3   Mean: 0.1612E-06 Abs mean: 0.1612E-06   Fluctuation:  0.241E-07   0.217E-03     0.4%
  3    0.1612E-06 0.1612E-06 +- 0.2410E-07     16.68
 Relative summed weights:
  0.8138E-01  0.1162E+00  0.2967E-02  0.1152E-03
  0.1145E+00  0.9863E-01  0.9544E-03  0.1132E-01
  0.7499E-01  0.2177E+00  0.1061E-01  0.9831E-02
  0.1715E+00  0.5075E-01  0.2054E-01  0.1801E-01
 Relative number of events:
  0.1876E+00  0.1922E+00  0.6426E-03  0.9639E-03
  0.1892E+00  0.1990E+00  0.8033E-03  0.7229E-03
  0.2844E-01  0.2667E-01  0.2980E-01  0.3044E-01
  0.2836E-01  0.2330E-01  0.3269E-01  0.2916E-01
 Events:
        2336        2393           8          12
        2355        2477          10           9
         354         332         371         379
         353         290         407         363
 Accuracy:    0.105   0.100   0.138   0.575
 Found         5362  events.
 Wrote           10  events.
 Actual xsec    1.6058768796529453E-007
 Correct abs xsec    1.6058768796529453E-007
 Event xsec    1.6058768796529456E-007
 Events wgts > 1:            0
 % Cross section > 1:    0.0000000000000000        0.0000000000000000     
 Iteration  4   Mean: 0.2139E-06 Abs mean: 0.2139E-06   Fluctuation:  0.222E-07   0.391E-03     0.4%
  4    0.2139E-06 0.2139E-06 +- 0.2221E-07     15.89
 Relative summed weights:
  0.1429E+00  0.1152E+00  0.1153E-01  0.6632E-02
  0.1053E+00  0.1154E+00  0.2226E-02  0.1975E-02
  0.1994E+00  0.1070E+00  0.1049E-01  0.1338E-01
  0.6788E-01  0.6228E-01  0.1907E-01  0.1927E-01
 Relative number of events:
  0.1900E+00  0.1972E+00  0.1068E-02  0.8971E-03
  0.1937E+00  0.1950E+00  0.5553E-03  0.5981E-03
  0.2456E-01  0.2696E-01  0.2986E-01  0.3084E-01
  0.2418E-01  0.2350E-01  0.3076E-01  0.3029E-01
 Events:
        4448        4617          25          21
        4534        4565          13          14
         575         631         699         722
         566         550         720         709
 Accuracy:    0.087   0.100   0.083   1.094
 Finished due to accuracy    8.6894705546372492E-002  0.10000000000000001     

 -------------------------------------------------------------------------------
 Accumulated results:   Integral =  0.1947E-06
                        Std dev  =  0.1617E-07
                       Cross sec =  0.1947E-06
             Chi**2 per DoF.     =      1.0944
 -------------------------------------------------------------------------------
 Found        15482  events.
 Wrote            8  events.
 Actual xsec    1.9655909317733244E-007
 Correct abs xsec    1.9655909317733244E-007
 Event xsec    1.9655909317733238E-007
 Events wgts > 1:            1
 % Cross section > 1:    1.0164064494806583E-018   5.1709968389184272E-010
-------------------------------------------------
---------------------------
 Results Last   3 iters: Integral =   0.1966E-06
                     Abs integral =   0.1966E-06
                          Std dev =   0.1643E-07
                  Chi**2 per DoF. =      1.3798
-------------------------------------------------
---------------------------
 Status  0.10000000000000001                5           5

ls status:
events.lhe
ftn26
input_app.txt
input_sg.txt
moffset.dat
results.dat
run1_app.log
